     1                                  %include "sanyo.asm"
     1                              <1> org 0
     2                              <1> cpu 8086
     3                              <1> 
     4                              <1> NUM_SECTORS equ 100          ; number of sectors to read
     5                              <1> BAR_WIDTH equ 30
     6                              <1> COLS  equ 72
     7                              <1> ROWS  equ 50
     8                              <1> LINES equ 200
     9                              <1> CENTER equ COLS*LINES/2+COLS*4/2
    10                              <1> RED   equ 0xf000
    11                              <1> GREEN equ 0x1c00
    12                              <1> BLUE  equ 0xf400
    13                              <1> DST   equ 0x38              ; absolute addres: 32592
    14                              <1> XD    equ 4
    15                              <1> YD    equ COLS*XD
    16                              <1> Color.R equ 0b100
    17                              <1> Color.G equ 0b010
    18                              <1> Color.B equ 0b001
    19                              <1> Color.W equ 0b111
    20                              <1> Color.C equ 0b011
    21                              <1> Color.M equ 0b101
    22                              <1> Color.Y equ 0b110
    23                              <1> Color.K equ 0b000
    24                              <1> 
    25                              <1> boot:
    26 00000000 FA                  <1>   cli
    27 00000001 FC                  <1>   cld
    28 00000002 E8B600              <1>   call clear_green          
    29 00000005 B005                <1>   mov al, 5
    30 00000007 E610                <1>   out 10h, al               ; select address 0x1c000 as green video page
    31 00000009 B8001C              <1>   mov ax,GREEN      
    32 0000000C 8ED8                <1>   mov ds,ax                 ; GREEN video segment used for progress bar
    33 0000000E B83800              <1>   mov ax,DST                
    34 00000011 8EC0                <1>   mov es,ax                 ; DST segment used for storing data read from disk
    35 00000013 BF0000              <1>   mov di,0                  ;
    36 00000016 B200                <1>   mov dl,0                  ; track=0
    37 00000018 B601                <1>   mov dh,1                  ; sector=1
    38 0000001A B96400              <1>   mov cx,NUM_SECTORS        ; read 48h (72) sectors (36864 bytes)
    39 0000001D EB0B                <1>   jmp move_head
    40                              <1> 
    41                              <1> ; ───────────────────────────────────────────────────────────────────────────
    42                              <1> 
    43                              <1> next_sector:
    44 0000001F FEC6                <1>   inc dh                    ; sector++
    45 00000021 80FE0A              <1>   cmp dh,10
    46 00000024 7218                <1>   jb read_sector            ; if (dh<9) read_sector
    47 00000026 B601                <1>   mov dh,1
    48 00000028 FEC2                <1>   inc dl                    ; else track++ ; sector=1
    49                              <1> 
    50                              <1> move_head:
    51 0000002A 88D0                <1>   mov al,dl
    52 0000002C E60E                <1>   out 0Eh,al               ; set track number
    53 0000002E B018                <1>   mov al,18h     
    54 00000030 E608                <1>   out 8,al                 ; seek track, load head
    55 00000032 B000                <1>   mov al,0
    56 00000034 E61C                <1>   out 1Ch,al               ; set desired drive/side
    57 00000036 D40A                <1>   aam
    58                              <1> 
    59                              <1> head_moving:
    60 00000038 E408                <1>   in al,8
    61 0000003A A801                <1>   test al,1
    62 0000003C 75FA                <1>   jnz head_moving
    63                              <1> 
    64                              <1> read_sector:
    65 0000003E 88F0                <1>   mov al,dh
    66 00000040 E60C                <1>   out 0Ch,al                ; sector number
    67 00000042 B702                <1>   mov bh,2                  ; 00000010b
    68 00000044 B396                <1>   mov bl,96h                ; 10010110b
    69 00000046 B400                <1>   mov ah,0
    70 00000048 B080                <1>   mov al,80h
    71 0000004A E608                <1>   out 8,al                  ; read sector
    72 0000004C D40A<rep 4h>        <1>   times 4 aam               ; wait
    73                              <1> 
    74                              <1> check_status_1:
    75 00000054 E408                <1>   in al,8                   ; read status
    76 00000056 D0F8                <1>   sar al,1                  ; status/=2
    77 00000058 731F                <1>   jnb check_status_3
    78 0000005A 75F8                <1>   jnz check_status_1
    79                              <1> 
    80                              <1> wait_for_data:
    81 0000005C E408                <1>   in al,8                   ; read status
    82 0000005E 20D8                <1>   and al,bl                 ; 96h
    83 00000060 74FA                <1>   jz wait_for_data
    84                              <1> 
    85                              <1> store_byte_1:
    86 00000062 E40E                <1>   in al,0Eh
    87 00000064 AA                  <1>   stosb
    88                              <1> 
    89                              <1> check_status_2:
    90 00000065 E408                <1>   in al,8                   ; read status
    91 00000067 48                  <1>   dec ax                    ; status--
    92 00000068 74FB                <1>   jz check_status_2         ; if (status==0) repeat
    93 0000006A 38F8                <1>   cmp al, bh                ; bh=2
    94 0000006C 750B                <1>   jnz check_status_3        ; if (status==1) 
    95                              <1> 
    96                              <1> store_byte_2:
    97 0000006E E40E                <1>   in al,0Eh  
    98 00000070 AA                  <1>   stosb
    99                              <1> 
   100                              <1> check_status_4:
   101 00000071 E408                <1>   in al,8                   ; read status
   102 00000073 38F8                <1>   cmp al, bh                ; bh=2
   103 00000075 74F7                <1>   jz store_byte_2           ; if (status==2) repeat
   104 00000077 EBEC                <1>   jmp check_status_2        ; else: was jmp SI
   105                              <1> 
   106                              <1> ; ───────────────────────────────────────────────────────────────────────────
   107                              <1> 
   108                              <1> check_status_3:
   109 00000079 E408                <1>   in al, 8                  ; read status
   110 0000007B A81C                <1>   test al, 1Ch              ; 00011100
   111 0000007D 7402                <1>   jz while_sectors
   112 0000007F EBBD                <1>   jmp read_sector
   113                              <1> 
   114                              <1> ; ───────────────────────────────────────────────────────────────────────────
   115                              <1> 
   116                              <1> while_sectors:
   117 00000081 E80F00              <1>   call progress_bar
   118 00000084 E299                <1>   loop next_sector
   119                              <1> 
   120                              <1> done_reading:
   121 00000086 0E                  <1>   push cs
   122 00000087 17                  <1>   pop ss
   123 00000088 BC0000              <1>   mov sp,0
   124 0000008B E82D00              <1>   call clear_green
   125 0000008E 0E                  <1>   push cs
   126 0000008F 1F                  <1>   pop ds
   127 00000090 E96D01              <1>   jmp setup
   128                              <1> 
   129                              <1> ; ───────────────────────────────────────────────────────────────────────────
   130                              <1> 
   131                              <1> progress_bar:
   132                              <1>   ;dit kan veel korter als NUM_SECTORS een vaste waarde heeft.
   133 00000093 52                  <1>   push dx
   134 00000094 53                  <1>   push bx
   135 00000095 31D2                <1>   xor dx,dx
   136 00000097 B81E00              <1>   mov ax,BAR_WIDTH
   137 0000009A BB6400              <1>   mov bx,NUM_SECTORS    
   138 0000009D F7E1                <1>   mul cx
   139 0000009F F7F3                <1>   div bx
   140 000000A1 5B                  <1>   pop bx
   141 000000A2 5A                  <1>   pop dx
   142 000000A3 89C6                <1>   mov si,ax                 ; ax is nu 0..BAR_WIDTH
   143 000000A5 D1E6                <1>   shl si,1                  ; *=2
   144 000000A7 D1E6                <1>   shl si,1                  ; *=2  
   145 000000A9 BDEC1C              <1>   mov bp,CENTER+BAR_WIDTH*2
   146 000000AC 29F5                <1>   sub bp,si
   147 000000AE 3EC64600FF          <1>   mov byte [ds:bp],-1
   148 000000B3 C3                  <1>   ret
   149                              <1> 
   150                              <1> clear_red:
   151 000000B4 B800F0              <1>   mov ax,RED
   152 000000B7 E81900              <1>   call clear_channel
   153 000000BA C3                  <1>   ret
   154                              <1> 
   155                              <1> clear_green:
   156 000000BB B8001C              <1>   mov ax,GREEN
   157 000000BE E81200              <1>   call clear_channel
   158 000000C1 C3                  <1>   ret
   159                              <1> 
   160                              <1> clear_blue:
   161 000000C2 B800F4              <1>   mov ax,BLUE
   162 000000C5 E80B00              <1>   call clear_channel
   163 000000C8 C3                  <1>   ret
   164                              <1> 
   165                              <1> clear_screen:
   166 000000C9 E8E8FF              <1>   call clear_red
   167 000000CC E8ECFF              <1>   call clear_green
   168 000000CF E8F0FF              <1>   call clear_blue
   169 000000D2 C3                  <1>   ret
   170                              <1> 
   171                              <1> clear_channel:
   172 000000D3 8EC0                <1>   mov es,ax
   173 000000D5 B9201C              <1>   mov cx,COLS*ROWS*2
   174 000000D8 31FF                <1>   xor di,di
   175 000000DA 31C0                <1>   xor ax,ax
   176 000000DC F3AB                <1>   rep stosw         ; clear screen
   177 000000DE C3                  <1>   ret
   178                              <1> 
   179                              <1> ; ───────────────────────────────────────────────────────────────────────────
   180                              <1> 
   181 000000DF 00<rep 121h>        <1> times (512)-($-$$) db 0
   182                              <1> 
     2                                  
     3                                  setup:
     4 00000200 BE[4202]                  mov si, kipjes
     5 00000203 B719                      mov bh,25 ; cols 
     6 00000205 B32C                      mov bl,44 ; rows
     7 00000207 E80100                    call draw_pic
     8 0000020A F4                        hlt
     9                                  
    10                                  draw_pic:
    11 0000020B B800F0                    mov ax, RED
    12 0000020E E80D00                    call draw_channel
    13 00000211 B8001C                    mov ax, GREEN
    14 00000214 E80700                    call draw_channel
    15 00000217 B800F4                    mov ax, BLUE
    16 0000021A E80100                    call draw_channel
    17 0000021D C3                        ret
    18                                  
    19                                  draw_channel:
    20 0000021E 8EC0                      mov es,ax
    21 00000220 31FF                      xor di,di
    22 00000222 31C9                      xor cx,cx
    23 00000224 88D9                      mov cl,bl        ; rows (bl)
    24                                  .rows_loop:
    25 00000226 51                        push cx
    26 00000227 31C9                      xor cx,cx
    27 00000229 88F9                      mov cl,bh        ; cols (bh)
    28                                  .cols_loop:
    29 0000022B A5                        movsw
    30 0000022C A5                        movsw
    31 0000022D E2FC                      loop .cols_loop
    32 0000022F 81C72001                  add di,COLS*4 
    33 00000233 B80000                    mov ax,0
    34 00000236 88F8                      mov al,bh
    35 00000238 D1E0<rep 2h>              times 2 shl ax,1
    36 0000023C 29C7                      sub di,ax       ; di-=4*bh
    37 0000023E 59                        pop cx
    38 0000023F E2E5                      loop .rows_loop
    39 00000241 C3                        ret
    40                                  
    41                                  %include "assets.asm"
     1 00000242 <bin 3390h>         <1> kipjes: incbin "data/bg/200x176.bin"
     2                              <1> 
     3                              <1> 
     4                              <1> font:
     5 000035D2 <bin 18h>           <1>   incbin "data/font/chr32.bin"
     6                              <1>   ; times 12 db 0b11111111,0b11100000 ; spatie is tijdelijk een blok
     7 000035EA <bin 18h>           <1>   incbin "data/font/chr33.bin"
     8 00003602 <bin 18h>           <1>   incbin "data/font/chr34.bin"
     9 0000361A <bin 18h>           <1>   incbin "data/font/chr35.bin"
    10 00003632 <bin 18h>           <1>   incbin "data/font/chr36.bin"
    11 0000364A <bin 18h>           <1>   incbin "data/font/chr37.bin"
    12 00003662 <bin 18h>           <1>   incbin "data/font/chr38.bin"
    13 0000367A <bin 18h>           <1>   incbin "data/font/chr39.bin"
    14 00003692 <bin 18h>           <1>   incbin "data/font/chr40.bin"
    15 000036AA <bin 18h>           <1>   incbin "data/font/chr41.bin"
    16 000036C2 <bin 18h>           <1>   incbin "data/font/chr42.bin"
    17 000036DA <bin 18h>           <1>   incbin "data/font/chr43.bin"
    18 000036F2 <bin 18h>           <1>   incbin "data/font/chr44.bin"
    19 0000370A <bin 18h>           <1>   incbin "data/font/chr45.bin"
    20 00003722 <bin 18h>           <1>   incbin "data/font/chr46.bin"
    21 0000373A <bin 18h>           <1>   incbin "data/font/chr47.bin"
    22 00003752 <bin 18h>           <1>   incbin "data/font/chr48.bin"
    23 0000376A <bin 18h>           <1>   incbin "data/font/chr49.bin"
    24 00003782 <bin 18h>           <1>   incbin "data/font/chr50.bin"
    25 0000379A <bin 18h>           <1>   incbin "data/font/chr51.bin"
    26 000037B2 <bin 18h>           <1>   incbin "data/font/chr52.bin"
    27 000037CA <bin 18h>           <1>   incbin "data/font/chr53.bin"
    28 000037E2 <bin 18h>           <1>   incbin "data/font/chr54.bin"
    29 000037FA <bin 18h>           <1>   incbin "data/font/chr55.bin"
    30 00003812 <bin 18h>           <1>   incbin "data/font/chr56.bin"
    31 0000382A <bin 18h>           <1>   incbin "data/font/chr57.bin"
    32 00003842 <bin 18h>           <1>   incbin "data/font/chr58.bin"
    33 0000385A <bin 18h>           <1>   incbin "data/font/chr59.bin"
    34 00003872 <bin 18h>           <1>   incbin "data/font/chr60.bin"
    35 0000388A <bin 18h>           <1>   incbin "data/font/chr61.bin"
    36 000038A2 <bin 18h>           <1>   incbin "data/font/chr62.bin"
    37 000038BA <bin 18h>           <1>   incbin "data/font/chr63.bin"
    38 000038D2 <bin 18h>           <1>   incbin "data/font/chr64.bin"
    39 000038EA <bin 18h>           <1>   incbin "data/font/chr65.bin"
    40 00003902 <bin 18h>           <1>   incbin "data/font/chr66.bin"
    41 0000391A <bin 18h>           <1>   incbin "data/font/chr67.bin"
    42 00003932 <bin 18h>           <1>   incbin "data/font/chr68.bin"
    43 0000394A <bin 18h>           <1>   incbin "data/font/chr69.bin"
    44 00003962 <bin 18h>           <1>   incbin "data/font/chr70.bin"
    45 0000397A <bin 18h>           <1>   incbin "data/font/chr71.bin"
    46 00003992 <bin 18h>           <1>   incbin "data/font/chr72.bin"
    47 000039AA <bin 18h>           <1>   incbin "data/font/chr73.bin"
    48 000039C2 <bin 18h>           <1>   incbin "data/font/chr74.bin"
    49 000039DA <bin 18h>           <1>   incbin "data/font/chr75.bin"
    50 000039F2 <bin 18h>           <1>   incbin "data/font/chr76.bin"
    51 00003A0A <bin 18h>           <1>   incbin "data/font/chr77.bin"
    52 00003A22 <bin 18h>           <1>   incbin "data/font/chr78.bin"
    53 00003A3A <bin 18h>           <1>   incbin "data/font/chr79.bin"
    54 00003A52 <bin 18h>           <1>   incbin "data/font/chr80.bin"
    55 00003A6A <bin 18h>           <1>   incbin "data/font/chr81.bin"
    56 00003A82 <bin 18h>           <1>   incbin "data/font/chr82.bin"
    57 00003A9A <bin 18h>           <1>   incbin "data/font/chr83.bin"
    58 00003AB2 <bin 18h>           <1>   incbin "data/font/chr84.bin"
    59 00003ACA <bin 18h>           <1>   incbin "data/font/chr85.bin"
    60 00003AE2 <bin 18h>           <1>   incbin "data/font/chr86.bin"
    61 00003AFA <bin 18h>           <1>   incbin "data/font/chr87.bin"
    62 00003B12 <bin 18h>           <1>   incbin "data/font/chr88.bin"
    63 00003B2A <bin 18h>           <1>   incbin "data/font/chr89.bin"
    64 00003B42 <bin 18h>           <1>   incbin "data/font/chr90.bin" ; Z
    65                              <1> 
    66                              <1> ; donut: 
    67                              <1> ;   .size.w db 4
    68                              <1> ;   .size.h db 4
    69                              <1> ;   .pos.x db 0
    70                              <1> ;   .pos.y db 0
    71                              <1> ;   .vel.vx db -1
    72                              <1> ;   .vel.vy db 1
    73                              <1> ;   .frame db 0
    74                              <1> ;   .frames db 4
    75                              <1> ;   .framesize db 192
    76                              <1> ;   .data dw img.donut_1
    77                              <1> 
    78                              <1> ; stars:
    79                              <1> ;   .size.w db 4
    80                              <1> ;   .size.h db 4
    81                              <1> ;   .pos.x db 4
    82                              <1> ;   .pos.y db 0
    83                              <1> ;   .vel.vx db 1
    84                              <1> ;   .vel.vy db 1
    85                              <1> ;   .frame db 0
    86                              <1> ;   .frames db 4
    87                              <1> ;   .framesize db 192
    88                              <1> ;   .data dw img.stars_1
    89                              <1> 
    90                              <1> ; sqr_ani:
    91                              <1> ;   .size.w db 4
    92                              <1> ;   .size.h db 4
    93                              <1> ;   .pos.x db 8
    94                              <1> ;   .pos.y db 0
    95                              <1> ;   .vel.vx db 1
    96                              <1> ;   .vel.vy db -1
    97                              <1> ;   .frame db 0
    98                              <1> ;   .frames db 4
    99                              <1> ;   .framesize db 192
   100                              <1> ;   .data dw img.sqr_ani_1
   101                              <1> 
   102                              <1> ; walk_fw:
   103                              <1> ;   .size.w db 4
   104                              <1> ;   .size.h db 4
   105                              <1> ;   .pos.x db 12
   106                              <1> ;   .pos.y db 0
   107                              <1> ;   .vel.vx db -1
   108                              <1> ;   .vel.vy db 1
   109                              <1> ;   .frame db 0
   110                              <1> ;   .frames db 2
   111                              <1> ;   .framesize db 192
   112                              <1> ;   .data dw img.walk_fw_1
   113                              <1> 
   114                              <1> ; walk_bw:
   115                              <1> ;   .size.w db 4
   116                              <1> ;   .size.h db 4
   117                              <1> ;   .pos.x db 16
   118                              <1> ;   .pos.y db 0
   119                              <1> ;   .vel.vx db -1
   120                              <1> ;   .vel.vy db 1
   121                              <1> ;   .frame db 0
   122                              <1> ;   .frames db 2
   123                              <1> ;   .framesize db 192
   124                              <1> ;   .data dw img.walk_bw_1
   125                              <1> 
   126                              <1> ; stand:
   127                              <1> ;   .size.w db 4
   128                              <1> ;   .size.h db 4
   129                              <1> ;   .pos.x db 20
   130                              <1> ;   .pos.y db 0
   131                              <1> ;   .vel.vx db 1
   132                              <1> ;   .vel.vy db -1
   133                              <1> ;   .frame db 0
   134                              <1> ;   .frames db 4
   135                              <1> ;   .framesize db 192
   136                              <1> ;   .data dw img.stand_1
   137                              <1> 
   138                              <1> ; walk_left:
   139                              <1> ;   .size.w db 4
   140                              <1> ;   .size.h db 4
   141                              <1> ;   .pos.x db 24
   142                              <1> ;   .pos.y db 0
   143                              <1> ;   .vel.vx db 1
   144                              <1> ;   .vel.vy db 1
   145                              <1> ;   .frame db 0
   146                              <1> ;   .frames db 4
   147                              <1> ;   .framesize db 192
   148                              <1> ;   .data dw img.walk_left_1
   149                              <1> 
   150                              <1> ; walk_right:
   151                              <1> ;   .size.w db 4
   152                              <1> ;   .size.h db 4
   153                              <1> ;   .pos.x db 28
   154                              <1> ;   .pos.y db 0
   155                              <1> ;   .vel.vx db 1
   156                              <1> ;   .vel.vy db -1
   157                              <1> ;   .frame db 0
   158                              <1> ;   .frames db 4
   159                              <1> ;   .framesize db 192
   160                              <1> ;   .data dw img.walk_right_1
   161                              <1> 
   162                              <1> ; flower:
   163                              <1> ;   .size.w db 4
   164                              <1> ;   .size.h db 4
   165                              <1> ;   .pos.x db 32
   166                              <1> ;   .pos.y db 0
   167                              <1> ;   .vel.vx db 1
   168                              <1> ;   .vel.vy db 1
   169                              <1> ;   .frame db 0
   170                              <1> ;   .frames db 4
   171                              <1> ;   .framesize db 192
   172                              <1> ;   .data dw img.flower_1
   173                              <1> 
   174                              <1> ; explode:
   175                              <1> ;   .size.w db 4
   176                              <1> ;   .size.h db 4
   177                              <1> ;   .pos.x db 36
   178                              <1> ;   .pos.y db 0
   179                              <1> ;   .vel.vx db 1
   180                              <1> ;   .vel.vy db 1
   181                              <1> ;   .frame db 0
   182                              <1> ;   .frames db 4
   183                              <1> ;   .framesize db 192
   184                              <1> ;   .data dw img.explode_1
   185                              <1> 
   186                              <1> ; creep:
   187                              <1> ;   .size.w db 4
   188                              <1> ;   .size.h db 4
   189                              <1> ;   .pos.x db 40
   190                              <1> ;   .pos.y db 0
   191                              <1> ;   .vel.vx db -1
   192                              <1> ;   .vel.vy db -1
   193                              <1> ;   .frame db 0
   194                              <1> ;   .frames db 4
   195                              <1> ;   .framesize db 192
   196                              <1> ;   .data dw img.creep_1
   197                              <1> 
   198                              <1> ; bouncer:
   199                              <1> ;   .size.w db 4
   200                              <1> ;   .size.h db 4
   201                              <1> ;   .pos.x db 44
   202                              <1> ;   .pos.y db 0
   203                              <1> ;   .vel.vx db 1
   204                              <1> ;   .vel.vy db 1
   205                              <1> ;   .frame db 0
   206                              <1> ;   .frames db 4
   207                              <1> ;   .framesize db 192
   208                              <1> ;   .data dw img.bouncer_1
   209                              <1> 
   210                              <1> ; eye:
   211                              <1> ;   .size.w db 4
   212                              <1> ;   .size.h db 4
   213                              <1> ;   .pos.x db 48
   214                              <1> ;   .pos.y db 0
   215                              <1> ;   .vel.vx db -1
   216                              <1> ;   .vel.vy db 1
   217                              <1> ;   .frame db 0
   218                              <1> ;   .frames db 4
   219                              <1> ;   .framesize db 192
   220                              <1> ;   .data dw img.eye_1
   221                              <1> 
   222                              <1> ; smurf_left:
   223                              <1> ;   .size.w db 4
   224                              <1> ;   .size.h db 4
   225                              <1> ;   .pos.x db 52
   226                              <1> ;   .pos.y db 0
   227                              <1> ;   .vel.vx db 1
   228                              <1> ;   .vel.vy db 1
   229                              <1> ;   .frame db 0
   230                              <1> ;   .frames db 2
   231                              <1> ;   .framesize db 192
   232                              <1> ;   .data dw img.smurf_1
   233                              <1> 
   234                              <1> ; smurf_right:
   235                              <1> ;   .size.w db 4
   236                              <1> ;   .size.h db 4
   237                              <1> ;   .pos.x db 56
   238                              <1> ;   .pos.y db 0
   239                              <1> ;   .vel.vx db 1
   240                              <1> ;   .vel.vy db 1
   241                              <1> ;   .frame db 0
   242                              <1> ;   .frames db 2
   243                              <1> ;   .framesize db 192
   244                              <1> ;   .data dw img.smurf_3
   245                              <1> 
   246                              <1> ; ghost:
   247                              <1> ;   .size.w db 4
   248                              <1> ;   .size.h db 4
   249                              <1> ;   .pos.x db 52
   250                              <1> ;   .pos.y db 4
   251                              <1> ;   .vel.vx db -1
   252                              <1> ;   .vel.vy db 1
   253                              <1> ;   .frame db 0
   254                              <1> ;   .frames db 4
   255                              <1> ;   .framesize db 192
   256                              <1> ;   .data dw img.ghost_1
   257                              <1> 
   258                              <1> ; lobster_right:
   259                              <1> ;   .size.w db 4
   260                              <1> ;   .size.h db 4
   261                              <1> ;   .pos.x db 48
   262                              <1> ;   .pos.y db 4
   263                              <1> ;   .vel.vx db 1
   264                              <1> ;   .vel.vy db 1
   265                              <1> ;   .frame db 0
   266                              <1> ;   .frames db 2
   267                              <1> ;   .framesize db 192
   268                              <1> ;   .data dw img.lobster_3
   269                              <1> 
   270                              <1> ; lobster_left:
   271                              <1> ;   .size.w db 4
   272                              <1> ;   .size.h db 4
   273                              <1> ;   .pos.x db 56
   274                              <1> ;   .pos.y db 4
   275                              <1> ;   .vel.vx db -1
   276                              <1> ;   .vel.vy db 1
   277                              <1> ;   .frame db 0
   278                              <1> ;   .frames db 2
   279                              <1> ;   .framesize db 192
   280                              <1> ;   .data dw img.lobster_1
   281                              <1> 
   282                              <1> ; keylock:
   283                              <1> ;   .size.w db 4
   284                              <1> ;   .size.h db 4
   285                              <1> ;   .pos.x db 0
   286                              <1> ;   .pos.y db 4
   287                              <1> ;   .vel.vx db 1
   288                              <1> ;   .vel.vy db -1
   289                              <1> ;   .frame db 0
   290                              <1> ;   .frames db 1
   291                              <1> ;   .framesize db 192
   292                              <1> ;   .data dw img.keylock
   293                              <1> 
   294                              <1> ; key:
   295                              <1> ;   .size.w db 4
   296                              <1> ;   .size.h db 4
   297                              <1> ;   .pos.x db 4
   298                              <1> ;   .pos.y db 4
   299                              <1> ;   .vel.vx db 1
   300                              <1> ;   .vel.vy db 1
   301                              <1> ;   .frame db 0
   302                              <1> ;   .frames db 1
   303                              <1> ;   .framesize db 192
   304                              <1> ;   .data dw img.key
   305                              <1> 
   306                              <1> ; owl:
   307                              <1> ;   .size.w db 4
   308                              <1> ;   .size.h db 4
   309                              <1> ;   .pos.x db 8
   310                              <1> ;   .pos.y db 4
   311                              <1> ;   .vel.vx db 1
   312                              <1> ;   .vel.vy db 1
   313                              <1> ;   .frame db 0
   314                              <1> ;   .frames db 1
   315                              <1> ;   .framesize db 192
   316                              <1> ;   .data dw img.owl
   317                              <1> 
   318                              <1> ; crown:
   319                              <1> ;   .size.w db 4
   320                              <1> ;   .size.h db 4
   321                              <1> ;   .pos.x db 12
   322                              <1> ;   .pos.y db 4
   323                              <1> ;   .vel.vx db -1
   324                              <1> ;   .vel.vy db 1
   325                              <1> ;   .frame db 0
   326                              <1> ;   .frames db 1
   327                              <1> ;   .framesize db 192
   328                              <1> ;   .data dw img.crown
   329                              <1> 
   330                              <1> ; goblet:
   331                              <1> ;   .size.w db 4
   332                              <1> ;   .size.h db 4
   333                              <1> ;   .pos.x db 16
   334                              <1> ;   .pos.y db 4
   335                              <1> ;   .vel.vx db 1
   336                              <1> ;   .vel.vy db -1
   337                              <1> ;   .frame db 0
   338                              <1> ;   .frames db 1
   339                              <1> ;   .framesize db 192
   340                              <1> ;   .data dw img.goblet
   341                              <1> 
   342                              <1> ; ring:
   343                              <1> ;   .size.w db 4
   344                              <1> ;   .size.h db 4
   345                              <1> ;   .pos.x db 20
   346                              <1> ;   .pos.y db 4
   347                              <1> ;   .vel.vx db 1
   348                              <1> ;   .vel.vy db 1
   349                              <1> ;   .frame db 0
   350                              <1> ;   .frames db 1
   351                              <1> ;   .framesize db 192
   352                              <1> ;   .data dw img.ring
   353                              <1> 
   354                              <1> ; globe:
   355                              <1> ;   .size.w db 4
   356                              <1> ;   .size.h db 4
   357                              <1> ;   .pos.x db 24
   358                              <1> ;   .pos.y db 4
   359                              <1> ;   .vel.vx db 1
   360                              <1> ;   .vel.vy db 1
   361                              <1> ;   .frame db 0
   362                              <1> ;   .frames db 1
   363                              <1> ;   .framesize db 192
   364                              <1> ;   .data dw img.globe
   365                              <1> 
   366                              <1> ; feather:
   367                              <1> ;   .size.w db 4
   368                              <1> ;   .size.h db 4
   369                              <1> ;   .pos.x db 28
   370                              <1> ;   .pos.y db 4
   371                              <1> ;   .vel.vx db -1
   372                              <1> ;   .vel.vy db 1
   373                              <1> ;   .frame db 0
   374                              <1> ;   .frames db 1
   375                              <1> ;   .framesize db 192
   376                              <1> ;   .data dw img.feather
   377                              <1> 
   378                              <1> ; totum:
   379                              <1> ;   .size.w db 4
   380                              <1> ;   .size.h db 4
   381                              <1> ;   .pos.x db 32
   382                              <1> ;   .pos.y db 4
   383                              <1> ;   .vel.vx db 1
   384                              <1> ;   .vel.vy db 1
   385                              <1> ;   .frame db 0
   386                              <1> ;   .frames db 1
   387                              <1> ;   .framesize db 192
   388                              <1> ;   .data dw img.totum
   389                              <1> 
   390                              <1> ; building:
   391                              <1> ;   .size.w db 4
   392                              <1> ;   .size.h db 4
   393                              <1> ;   .pos.x db 36
   394                              <1> ;   .pos.y db 4
   395                              <1> ;   .vel.vx db 1
   396                              <1> ;   .vel.vy db 1
   397                              <1> ;   .frame db 0
   398                              <1> ;   .frames db 1
   399                              <1> ;   .framesize db 192
   400                              <1> ;   .data dw img.building
   401                              <1> 
   402                              <1> ; mirror:
   403                              <1> ;   .size.w db 4
   404                              <1> ;   .size.h db 4
   405                              <1> ;   .pos.x db 40
   406                              <1> ;   .pos.y db 4
   407                              <1> ;   .vel.vx db 1
   408                              <1> ;   .vel.vy db -1
   409                              <1> ;   .frame db 0
   410                              <1> ;   .frames db 1
   411                              <1> ;   .framesize db 192
   412                              <1> ;   .data dw img.mirror
   413                              <1> 
   414                              <1> ; harp:
   415                              <1> ;   .size.w db 4
   416                              <1> ;   .size.h db 4
   417                              <1> ;   .pos.x db 44
   418                              <1> ;   .pos.y db 4
   419                              <1> ;   .vel.vx db 1
   420                              <1> ;   .vel.vy db 1
   421                              <1> ;   .frame db 0
   422                              <1> ;   .frames db 1
   423                              <1> ;   .framesize db 192
   424                              <1> ;   .data dw img.harp
   425                              <1> 
   426                              <1> ; nar:
   427                              <1> ;   .size.w db 4
   428                              <1> ;   .size.h db 4
   429                              <1> ;   .pos.x db 44
   430                              <1> ;   .pos.y db 4
   431                              <1> ;   .vel.vx db 1
   432                              <1> ;   .vel.vy db 1
   433                              <1> ;   .frame db 0
   434                              <1> ;   .frames db 1
   435                              <1> ;   .framesize db 192
   436                              <1> ;   .data dw img.harp
   437                              <1> 
   438                              <1> ; computer:
   439                              <1> ;   .size.w db 4
   440                              <1> ;   .size.h db 4
   441                              <1> ;   .pos.x db 0
   442                              <1> ;   .pos.y db 8
   443                              <1> ;   .vel.vx db -1
   444                              <1> ;   .vel.vy db 1
   445                              <1> ;   .frame db 0
   446                              <1> ;   .frames db 1
   447                              <1> ;   .framesize db 192
   448                              <1> ;   .data dw img.computer
   449                              <1> 
   450                              <1> ; way_down:
   451                              <1> ;   .size.w db 4
   452                              <1> ;   .size.h db 4
   453                              <1> ;   .pos.x db 8
   454                              <1> ;   .pos.y db 8
   455                              <1> ;   .vel.vx db -1
   456                              <1> ;   .vel.vy db -1
   457                              <1> ;   .frame db 0
   458                              <1> ;   .frames db 1
   459                              <1> ;   .framesize db 192
   460                              <1> ;   .data dw img.way_down
   461                              <1> 
   462                              <1> ; way_left:
   463                              <1> ;   .size.w db 4
   464                              <1> ;   .size.h db 4
   465                              <1> ;   .pos.x db 4
   466                              <1> ;   .pos.y db 8
   467                              <1> ;   .vel.vx db 1
   468                              <1> ;   .vel.vy db 1
   469                              <1> ;   .frame db 0
   470                              <1> ;   .frames db 1
   471                              <1> ;   .framesize db 192
   472                              <1> ;   .data dw img.way_left
   473                              <1> 
   474                              <1> ; way_up:
   475                              <1> ;   .size.w db 4
   476                              <1> ;   .size.h db 4
   477                              <1> ;   .pos.x db 12
   478                              <1> ;   .pos.y db 8
   479                              <1> ;   .vel.vx db 1
   480                              <1> ;   .vel.vy db 1
   481                              <1> ;   .frame db 0
   482                              <1> ;   .frames db 1
   483                              <1> ;   .framesize db 192
   484                              <1> ;   .data dw img.way_up
   485                              <1> 
   486                              <1> ; way_right:
   487                              <1> ;   .size.w db 4
   488                              <1> ;   .size.h db 4
   489                              <1> ;   .pos.x db 16
   490                              <1> ;   .pos.y db 8
   491                              <1> ;   .vel.vx db -1
   492                              <1> ;   .vel.vy db 1
   493                              <1> ;   .frame db 0
   494                              <1> ;   .frames db 1
   495                              <1> ;   .framesize db 192
   496                              <1> ;   .data dw img.way_right
   497                              <1> 
   498                              <1> ; pinkbox:
   499                              <1> ;   .size.w db 4
   500                              <1> ;   .size.h db 4
   501                              <1> ;   .pos.x db 20
   502                              <1> ;   .pos.y db 8
   503                              <1> ;   .vel.vx db 1
   504                              <1> ;   .vel.vy db 1
   505                              <1> ;   .frame db 0
   506                              <1> ;   .frames db 1
   507                              <1> ;   .framesize db 192
   508                              <1> ;   .data dw img.pinkbox
   509                              <1> 
   510                              <1> ; box:
   511                              <1> ;   .size.w db 4
   512                              <1> ;   .size.h db 4
   513                              <1> ;   .pos.x db 24
   514                              <1> ;   .pos.y db 8
   515                              <1> ;   .vel.vx db 1
   516                              <1> ;   .vel.vy db 1
   517                              <1> ;   .frame db 0
   518                              <1> ;   .frames db 1
   519                              <1> ;   .framesize db 192
   520                              <1> ;   .data dw img.box
   521                              <1> 
   522                              <1> ; vbar:
   523                              <1> ;   .size.w db 4
   524                              <1> ;   .size.h db 4
   525                              <1> ;   .pos.x db 28
   526                              <1> ;   .pos.y db 8
   527                              <1> ;   .vel.vx db 1
   528                              <1> ;   .vel.vy db 1
   529                              <1> ;   .frame db 0
   530                              <1> ;   .frames db 1
   531                              <1> ;   .framesize db 192
   532                              <1> ;   .data dw img.vbar
   533                              <1> 
   534                              <1> ; hbar:
   535                              <1> ;   .size.w db 4
   536                              <1> ;   .size.h db 4
   537                              <1> ;   .pos.x db 32
   538                              <1> ;   .pos.y db 8
   539                              <1> ;   .vel.vx db -1
   540                              <1> ;   .vel.vy db -1
   541                              <1> ;   .frame db 0
   542                              <1> ;   .frames db 1
   543                              <1> ;   .framesize db 192
   544                              <1> ;   .data dw img.hbar
   545                              <1> 
   546                              <1> ; question:
   547                              <1> ;   .size.w db 4
   548                              <1> ;   .size.h db 4
   549                              <1> ;   .pos.x db 36
   550                              <1> ;   .pos.y db 8
   551                              <1> ;   .vel.vx db 1
   552                              <1> ;   .vel.vy db 1
   553                              <1> ;   .frame db 0
   554                              <1> ;   .frames db 1
   555                              <1> ;   .framesize db 192
   556                              <1> ;   .data dw img.question
   557                              <1> 
   558                              <1> ; house1:
   559                              <1> ;   .size.w db 4
   560                              <1> ;   .size.h db 4
   561                              <1> ;   .pos.x db 40
   562                              <1> ;   .pos.y db 8
   563                              <1> ;   .vel.vx db 1
   564                              <1> ;   .vel.vy db 1
   565                              <1> ;   .frame db 0
   566                              <1> ;   .frames db 1
   567                              <1> ;   .framesize db 192
   568                              <1> ;   .data dw img.house1
   569                              <1> 
   570                              <1> 
   571                              <1> donut: 
   572 00003B5A 04                  <1>   .size.w db 4
   573 00003B5B 04                  <1>   .size.h db 4
   574 00003B5C 0C                  <1>   .pos.x db 12
   575 00003B5D 17                  <1>   .pos.y db 23
   576 00003B5E FF                  <1>   .vel.vx db -1
   577 00003B5F 01                  <1>   .vel.vy db 1
   578 00003B60 00                  <1>   .frame db 0
   579 00003B61 04                  <1>   .frames db 4
   580 00003B62 C0                  <1>   .framesize db 192
   581 00003B63 [286D]              <1>   .data dw img.donut_1
   582                              <1> 
   583                              <1> stars:
   584 00003B65 04                  <1>   .size.w db 4
   585 00003B66 04                  <1>   .size.h db 4
   586 00003B67 21                  <1>   .pos.x db 33
   587 00003B68 08                  <1>   .pos.y db 8
   588 00003B69 01                  <1>   .vel.vx db 1
   589 00003B6A 01                  <1>   .vel.vy db 1
   590 00003B6B 00                  <1>   .frame db 0
   591 00003B6C 04                  <1>   .frames db 4
   592 00003B6D C0                  <1>   .framesize db 192
   593 00003B6E [285E]              <1>   .data dw img.stars_1
   594                              <1> 
   595                              <1> sqr_ani:
   596 00003B70 04                  <1>   .size.w db 4
   597 00003B71 04                  <1>   .size.h db 4
   598 00003B72 14                  <1>   .pos.x db 20
   599 00003B73 11                  <1>   .pos.y db 17
   600 00003B74 01                  <1>   .vel.vx db 1
   601 00003B75 FF                  <1>   .vel.vy db -1
   602 00003B76 00                  <1>   .frame db 0
   603 00003B77 04                  <1>   .frames db 4
   604 00003B78 C0                  <1>   .framesize db 192
   605 00003B79 [2870]              <1>   .data dw img.sqr_ani_1
   606                              <1> 
   607                              <1> walk_fw:
   608 00003B7B 04                  <1>   .size.w db 4
   609 00003B7C 04                  <1>   .size.h db 4
   610 00003B7D 2A                  <1>   .pos.x db 42
   611 00003B7E 05                  <1>   .pos.y db 5
   612 00003B7F FF                  <1>   .vel.vx db -1
   613 00003B80 01                  <1>   .vel.vy db 1
   614 00003B81 00                  <1>   .frame db 0
   615 00003B82 02                  <1>   .frames db 2
   616 00003B83 C0                  <1>   .framesize db 192
   617 00003B84 [A862]              <1>   .data dw img.walk_fw_1
   618                              <1> 
   619                              <1> walk_bw:
   620 00003B86 04                  <1>   .size.w db 4
   621 00003B87 04                  <1>   .size.h db 4
   622 00003B88 26                  <1>   .pos.x db 38
   623 00003B89 1D                  <1>   .pos.y db 29
   624 00003B8A FF                  <1>   .vel.vx db -1
   625 00003B8B 01                  <1>   .vel.vy db 1
   626 00003B8C 00                  <1>   .frame db 0
   627 00003B8D 02                  <1>   .frames db 2
   628 00003B8E C0                  <1>   .framesize db 192
   629 00003B8F [2861]              <1>   .data dw img.walk_bw_1
   630                              <1> 
   631                              <1> stand:
   632 00003B91 04                  <1>   .size.w db 4
   633 00003B92 04                  <1>   .size.h db 4
   634 00003B93 05                  <1>   .pos.x db 5
   635 00003B94 24                  <1>   .pos.y db 36
   636 00003B95 01                  <1>   .vel.vx db 1
   637 00003B96 FF                  <1>   .vel.vy db -1
   638 00003B97 00                  <1>   .frame db 0
   639 00003B98 04                  <1>   .frames db 4
   640 00003B99 C0                  <1>   .framesize db 192
   641 00003B9A [286A]              <1>   .data dw img.stand_1
   642                              <1> 
   643                              <1> walk_left:
   644 00003B9C 04                  <1>   .size.w db 4
   645 00003B9D 04                  <1>   .size.h db 4
   646 00003B9E 1F                  <1>   .pos.x db 31
   647 00003B9F 13                  <1>   .pos.y db 19
   648 00003BA0 01                  <1>   .vel.vx db 1
   649 00003BA1 01                  <1>   .vel.vy db 1
   650 00003BA2 00                  <1>   .frame db 0
   651 00003BA3 04                  <1>   .frames db 4
   652 00003BA4 C0                  <1>   .framesize db 192
   653 00003BA5 [2864]              <1>   .data dw img.walk_left_1
   654                              <1> 
   655                              <1> walk_right:
   656 00003BA7 04                  <1>   .size.w db 4
   657 00003BA8 04                  <1>   .size.h db 4
   658 00003BA9 1D                  <1>   .pos.x db 29
   659 00003BAA 0D                  <1>   .pos.y db 13
   660 00003BAB 01                  <1>   .vel.vx db 1
   661 00003BAC FF                  <1>   .vel.vy db -1
   662 00003BAD 00                  <1>   .frame db 0
   663 00003BAE 04                  <1>   .frames db 4
   664 00003BAF C0                  <1>   .framesize db 192
   665 00003BB0 [2867]              <1>   .data dw img.walk_right_1
   666                              <1> 
   667                              <1> flower:
   668 00003BB2 04                  <1>   .size.w db 4
   669 00003BB3 04                  <1>   .size.h db 4
   670 00003BB4 3C                  <1>   .pos.x db 60
   671 00003BB5 22                  <1>   .pos.y db 34
   672 00003BB6 01                  <1>   .vel.vx db 1
   673 00003BB7 01                  <1>   .vel.vy db 1
   674 00003BB8 00                  <1>   .frame db 0
   675 00003BB9 04                  <1>   .frames db 4
   676 00003BBA C0                  <1>   .framesize db 192
   677 00003BBB [2873]              <1>   .data dw img.flower_1
   678                              <1> 
   679                              <1> explode:
   680 00003BBD 04                  <1>   .size.w db 4
   681 00003BBE 04                  <1>   .size.h db 4
   682 00003BBF 2F                  <1>   .pos.x db 47
   683 00003BC0 0B                  <1>   .pos.y db 11
   684 00003BC1 01                  <1>   .vel.vx db 1
   685 00003BC2 01                  <1>   .vel.vy db 1
   686 00003BC3 00                  <1>   .frame db 0
   687 00003BC4 04                  <1>   .frames db 4
   688 00003BC5 C0                  <1>   .framesize db 192
   689 00003BC6 [2876]              <1>   .data dw img.explode_1
   690                              <1> 
   691                              <1> creep:
   692 00003BC8 04                  <1>   .size.w db 4
   693 00003BC9 04                  <1>   .size.h db 4
   694 00003BCA 32                  <1>   .pos.x db 50
   695 00003BCB 15                  <1>   .pos.y db 21
   696 00003BCC FF                  <1>   .vel.vx db -1
   697 00003BCD FF                  <1>   .vel.vy db -1
   698 00003BCE 00                  <1>   .frame db 0
   699 00003BCF 04                  <1>   .frames db 4
   700 00003BD0 C0                  <1>   .framesize db 192
   701 00003BD1 [2879]              <1>   .data dw img.creep_1
   702                              <1> 
   703                              <1> bouncer:
   704 00003BD3 04                  <1>   .size.w db 4
   705 00003BD4 04                  <1>   .size.h db 4
   706 00003BD5 27                  <1>   .pos.x db 39
   707 00003BD6 0E                  <1>   .pos.y db 14
   708 00003BD7 01                  <1>   .vel.vx db 1
   709 00003BD8 01                  <1>   .vel.vy db 1
   710 00003BD9 00                  <1>   .frame db 0
   711 00003BDA 04                  <1>   .frames db 4
   712 00003BDB C0                  <1>   .framesize db 192
   713 00003BDC [287C]              <1>   .data dw img.bouncer_1
   714                              <1> 
   715                              <1> eye:
   716 00003BDE 04                  <1>   .size.w db 4
   717 00003BDF 04                  <1>   .size.h db 4
   718 00003BE0 16                  <1>   .pos.x db 22
   719 00003BE1 09                  <1>   .pos.y db 9
   720 00003BE2 FF                  <1>   .vel.vx db -1
   721 00003BE3 01                  <1>   .vel.vy db 1
   722 00003BE4 00                  <1>   .frame db 0
   723 00003BE5 04                  <1>   .frames db 4
   724 00003BE6 C0                  <1>   .framesize db 192
   725 00003BE7 [287F]              <1>   .data dw img.eye_1
   726                              <1> 
   727                              <1> smurf_left:
   728 00003BE9 04                  <1>   .size.w db 4
   729 00003BEA 04                  <1>   .size.h db 4
   730 00003BEB 0E                  <1>   .pos.x db 14
   731 00003BEC 1C                  <1>   .pos.y db 28
   732 00003BED 01                  <1>   .vel.vx db 1
   733 00003BEE 01                  <1>   .vel.vy db 1
   734 00003BEF 00                  <1>   .frame db 0
   735 00003BF0 02                  <1>   .frames db 2
   736 00003BF1 C0                  <1>   .framesize db 192
   737 00003BF2 [2882]              <1>   .data dw img.smurf_1
   738                              <1> 
   739                              <1> smurf_right:
   740 00003BF4 04                  <1>   .size.w db 4
   741 00003BF5 04                  <1>   .size.h db 4
   742 00003BF6 3D                  <1>   .pos.x db 61
   743 00003BF7 0F                  <1>   .pos.y db 15
   744 00003BF8 01                  <1>   .vel.vx db 1
   745 00003BF9 01                  <1>   .vel.vy db 1
   746 00003BFA 00                  <1>   .frame db 0
   747 00003BFB 02                  <1>   .frames db 2
   748 00003BFC C0                  <1>   .framesize db 192
   749 00003BFD [A883]              <1>   .data dw img.smurf_3
   750                              <1> 
   751                              <1> ghost:
   752 00003BFF 04                  <1>   .size.w db 4
   753 00003C00 04                  <1>   .size.h db 4
   754 00003C01 2E                  <1>   .pos.x db 46
   755 00003C02 1F                  <1>   .pos.y db 31
   756 00003C03 FF                  <1>   .vel.vx db -1
   757 00003C04 01                  <1>   .vel.vy db 1
   758 00003C05 00                  <1>   .frame db 0
   759 00003C06 04                  <1>   .frames db 4
   760 00003C07 C0                  <1>   .framesize db 192
   761 00003C08 [2885]              <1>   .data dw img.ghost_1
   762                              <1> 
   763                              <1> lobster_right:
   764 00003C0A 04                  <1>   .size.w db 4
   765 00003C0B 04                  <1>   .size.h db 4
   766 00003C0C 23                  <1>   .pos.x db 35
   767 00003C0D 28                  <1>   .pos.y db 40
   768 00003C0E 01                  <1>   .vel.vx db 1
   769 00003C0F 01                  <1>   .vel.vy db 1
   770 00003C10 00                  <1>   .frame db 0
   771 00003C11 02                  <1>   .frames db 2
   772 00003C12 C0                  <1>   .framesize db 192
   773 00003C13 [A889]              <1>   .data dw img.lobster_3
   774                              <1> 
   775                              <1> lobster_left:
   776 00003C15 04                  <1>   .size.w db 4
   777 00003C16 04                  <1>   .size.h db 4
   778 00003C17 09                  <1>   .pos.x db 9
   779 00003C18 0C                  <1>   .pos.y db 12
   780 00003C19 FF                  <1>   .vel.vx db -1
   781 00003C1A 01                  <1>   .vel.vy db 1
   782 00003C1B 00                  <1>   .frame db 0
   783 00003C1C 02                  <1>   .frames db 2
   784 00003C1D C0                  <1>   .framesize db 192
   785 00003C1E [2888]              <1>   .data dw img.lobster_1
   786                              <1> 
   787                              <1> keylock:
   788 00003C20 04                  <1>   .size.w db 4
   789 00003C21 04                  <1>   .size.h db 4
   790 00003C22 11                  <1>   .pos.x db 17
   791 00003C23 19                  <1>   .pos.y db 25
   792 00003C24 01                  <1>   .vel.vx db 1
   793 00003C25 FF                  <1>   .vel.vy db -1
   794 00003C26 00                  <1>   .frame db 0
   795 00003C27 01                  <1>   .frames db 1
   796 00003C28 C0                  <1>   .framesize db 192
   797 00003C29 [283D]              <1>   .data dw img.keylock
   798                              <1> 
   799                              <1> key:
   800 00003C2B 04                  <1>   .size.w db 4
   801 00003C2C 04                  <1>   .size.h db 4
   802 00003C2D 1B                  <1>   .pos.x db 27
   803 00003C2E 25                  <1>   .pos.y db 37
   804 00003C2F 01                  <1>   .vel.vx db 1
   805 00003C30 01                  <1>   .vel.vy db 1
   806 00003C31 00                  <1>   .frame db 0
   807 00003C32 01                  <1>   .frames db 1
   808 00003C33 C0                  <1>   .framesize db 192
   809 00003C34 [E83D]              <1>   .data dw img.key
   810                              <1> 
   811                              <1> owl:
   812 00003C36 04                  <1>   .size.w db 4
   813 00003C37 04                  <1>   .size.h db 4
   814 00003C38 1F                  <1>   .pos.x db 31
   815 00003C39 05                  <1>   .pos.y db 5
   816 00003C3A 01                  <1>   .vel.vx db 1
   817 00003C3B 01                  <1>   .vel.vy db 1
   818 00003C3C 00                  <1>   .frame db 0
   819 00003C3D 01                  <1>   .frames db 1
   820 00003C3E C0                  <1>   .framesize db 192
   821 00003C3F [A83E]              <1>   .data dw img.owl
   822                              <1> 
   823                              <1> crown:
   824 00003C41 04                  <1>   .size.w db 4
   825 00003C42 04                  <1>   .size.h db 4
   826 00003C43 28                  <1>   .pos.x db 40
   827 00003C44 12                  <1>   .pos.y db 18
   828 00003C45 FF                  <1>   .vel.vx db -1
   829 00003C46 01                  <1>   .vel.vy db 1
   830 00003C47 00                  <1>   .frame db 0
   831 00003C48 01                  <1>   .frames db 1
   832 00003C49 C0                  <1>   .framesize db 192
   833 00003C4A [683F]              <1>   .data dw img.crown
   834                              <1> 
   835                              <1> goblet:
   836 00003C4C 04                  <1>   .size.w db 4
   837 00003C4D 04                  <1>   .size.h db 4
   838 00003C4E 0D                  <1>   .pos.x db 13
   839 00003C4F 27                  <1>   .pos.y db 39
   840 00003C50 01                  <1>   .vel.vx db 1
   841 00003C51 FF                  <1>   .vel.vy db -1
   842 00003C52 00                  <1>   .frame db 0
   843 00003C53 01                  <1>   .frames db 1
   844 00003C54 C0                  <1>   .framesize db 192
   845 00003C55 [2840]              <1>   .data dw img.goblet
   846                              <1> 
   847                              <1> ring:
   848 00003C57 04                  <1>   .size.w db 4
   849 00003C58 04                  <1>   .size.h db 4
   850 00003C59 08                  <1>   .pos.x db 8
   851 00003C5A 14                  <1>   .pos.y db 20
   852 00003C5B 01                  <1>   .vel.vx db 1
   853 00003C5C 01                  <1>   .vel.vy db 1
   854 00003C5D 00                  <1>   .frame db 0
   855 00003C5E 01                  <1>   .frames db 1
   856 00003C5F C0                  <1>   .framesize db 192
   857 00003C60 [E840]              <1>   .data dw img.ring
   858                              <1> 
   859                              <1> globe:
   860 00003C62 04                  <1>   .size.w db 4
   861 00003C63 04                  <1>   .size.h db 4
   862 00003C64 05                  <1>   .pos.x db 5
   863 00003C65 23                  <1>   .pos.y db 35
   864 00003C66 01                  <1>   .vel.vx db 1
   865 00003C67 01                  <1>   .vel.vy db 1
   866 00003C68 00                  <1>   .frame db 0
   867 00003C69 01                  <1>   .frames db 1
   868 00003C6A C0                  <1>   .framesize db 192
   869 00003C6B [A841]              <1>   .data dw img.globe
   870                              <1> 
   871                              <1> feather:
   872 00003C6D 04                  <1>   .size.w db 4
   873 00003C6E 04                  <1>   .size.h db 4
   874 00003C6F 20                  <1>   .pos.x db 32
   875 00003C70 08                  <1>   .pos.y db 8
   876 00003C71 FF                  <1>   .vel.vx db -1
   877 00003C72 01                  <1>   .vel.vy db 1
   878 00003C73 00                  <1>   .frame db 0
   879 00003C74 01                  <1>   .frames db 1
   880 00003C75 C0                  <1>   .framesize db 192
   881 00003C76 [6842]              <1>   .data dw img.feather
   882                              <1> 
   883                              <1> totum:
   884 00003C78 04                  <1>   .size.w db 4
   885 00003C79 04                  <1>   .size.h db 4
   886 00003C7A 19                  <1>   .pos.x db 25
   887 00003C7B 0D                  <1>   .pos.y db 13
   888 00003C7C 01                  <1>   .vel.vx db 1
   889 00003C7D 01                  <1>   .vel.vy db 1
   890 00003C7E 00                  <1>   .frame db 0
   891 00003C7F 01                  <1>   .frames db 1
   892 00003C80 C0                  <1>   .framesize db 192
   893 00003C81 [2843]              <1>   .data dw img.totum
   894                              <1> 
   895                              <1> building:
   896 00003C83 04                  <1>   .size.w db 4
   897 00003C84 04                  <1>   .size.h db 4
   898 00003C85 12                  <1>   .pos.x db 18
   899 00003C86 1E                  <1>   .pos.y db 30
   900 00003C87 01                  <1>   .vel.vx db 1
   901 00003C88 01                  <1>   .vel.vy db 1
   902 00003C89 00                  <1>   .frame db 0
   903 00003C8A 01                  <1>   .frames db 1
   904 00003C8B C0                  <1>   .framesize db 192
   905 00003C8C [A844]              <1>   .data dw img.building
   906                              <1> 
   907                              <1> mirror:
   908 00003C8E 04                  <1>   .size.w db 4
   909 00003C8F 04                  <1>   .size.h db 4
   910 00003C90 0C                  <1>   .pos.x db 12
   911 00003C91 1D                  <1>   .pos.y db 29
   912 00003C92 01                  <1>   .vel.vx db 1
   913 00003C93 FF                  <1>   .vel.vy db -1
   914 00003C94 00                  <1>   .frame db 0
   915 00003C95 01                  <1>   .frames db 1
   916 00003C96 C0                  <1>   .framesize db 192
   917 00003C97 [6845]              <1>   .data dw img.mirror
   918                              <1> 
   919                              <1> harp:
   920 00003C99 04                  <1>   .size.w db 4
   921 00003C9A 04                  <1>   .size.h db 4
   922 00003C9B 24                  <1>   .pos.x db 36
   923 00003C9C 1B                  <1>   .pos.y db 27
   924 00003C9D 01                  <1>   .vel.vx db 1
   925 00003C9E 01                  <1>   .vel.vy db 1
   926 00003C9F 00                  <1>   .frame db 0
   927 00003CA0 01                  <1>   .frames db 1
   928 00003CA1 C0                  <1>   .framesize db 192
   929 00003CA2 [2846]              <1>   .data dw img.harp
   930                              <1> 
   931                              <1> nar:
   932 00003CA4 04                  <1>   .size.w db 4
   933 00003CA5 04                  <1>   .size.h db 4
   934 00003CA6 18                  <1>   .pos.x db 24
   935 00003CA7 1F                  <1>   .pos.y db 31
   936 00003CA8 01                  <1>   .vel.vx db 1
   937 00003CA9 01                  <1>   .vel.vy db 1
   938 00003CAA 00                  <1>   .frame db 0
   939 00003CAB 01                  <1>   .frames db 1
   940 00003CAC C0                  <1>   .framesize db 192
   941 00003CAD [2846]              <1>   .data dw img.harp
   942                              <1> 
   943                              <1> computer:
   944 00003CAF 04                  <1>   .size.w db 4
   945 00003CB0 04                  <1>   .size.h db 4
   946 00003CB1 07                  <1>   .pos.x db 7
   947 00003CB2 28                  <1>   .pos.y db 40
   948 00003CB3 FF                  <1>   .vel.vx db -1
   949 00003CB4 01                  <1>   .vel.vy db 1
   950 00003CB5 00                  <1>   .frame db 0
   951 00003CB6 01                  <1>   .frames db 1
   952 00003CB7 C0                  <1>   .framesize db 192
   953 00003CB8 [A847]              <1>   .data dw img.computer
   954                              <1> 
   955                              <1> way_down:
   956 00003CBA 04                  <1>   .size.w db 4
   957 00003CBB 04                  <1>   .size.h db 4
   958 00003CBC 2C                  <1>   .pos.x db 44
   959 00003CBD 09                  <1>   .pos.y db 9
   960 00003CBE FF                  <1>   .vel.vx db -1
   961 00003CBF FF                  <1>   .vel.vy db -1
   962 00003CC0 00                  <1>   .frame db 0
   963 00003CC1 01                  <1>   .frames db 1
   964 00003CC2 C0                  <1>   .framesize db 192
   965 00003CC3 [6848]              <1>   .data dw img.way_down
   966                              <1> 
   967                              <1> way_left:
   968 00003CC5 04                  <1>   .size.w db 4
   969 00003CC6 04                  <1>   .size.h db 4
   970 00003CC7 23                  <1>   .pos.x db 35
   971 00003CC8 1A                  <1>   .pos.y db 26
   972 00003CC9 01                  <1>   .vel.vx db 1
   973 00003CCA 01                  <1>   .vel.vy db 1
   974 00003CCB 00                  <1>   .frame db 0
   975 00003CCC 01                  <1>   .frames db 1
   976 00003CCD C0                  <1>   .framesize db 192
   977 00003CCE [2849]              <1>   .data dw img.way_left
   978                              <1> 
   979                              <1> way_up:
   980 00003CD0 04                  <1>   .size.w db 4
   981 00003CD1 04                  <1>   .size.h db 4
   982 00003CD2 16                  <1>   .pos.x db 22
   983 00003CD3 1E                  <1>   .pos.y db 30
   984 00003CD4 01                  <1>   .vel.vx db 1
   985 00003CD5 01                  <1>   .vel.vy db 1
   986 00003CD6 00                  <1>   .frame db 0
   987 00003CD7 01                  <1>   .frames db 1
   988 00003CD8 C0                  <1>   .framesize db 192
   989 00003CD9 [E849]              <1>   .data dw img.way_up
   990                              <1> 
   991                              <1> way_right:
   992 00003CDB 04                  <1>   .size.w db 4
   993 00003CDC 04                  <1>   .size.h db 4
   994 00003CDD 09                  <1>   .pos.x db 9
   995 00003CDE 19                  <1>   .pos.y db 25
   996 00003CDF FF                  <1>   .vel.vx db -1
   997 00003CE0 01                  <1>   .vel.vy db 1
   998 00003CE1 00                  <1>   .frame db 0
   999 00003CE2 01                  <1>   .frames db 1
  1000 00003CE3 C0                  <1>   .framesize db 192
  1001 00003CE4 [A84A]              <1>   .data dw img.way_right
  1002                              <1> 
  1003                              <1> pinkbox:
  1004 00003CE6 04                  <1>   .size.w db 4
  1005 00003CE7 04                  <1>   .size.h db 4
  1006 00003CE8 10                  <1>   .pos.x db 16
  1007 00003CE9 0D                  <1>   .pos.y db 13
  1008 00003CEA 00                  <1>   .vel.vx db 0
  1009 00003CEB 00                  <1>   .vel.vy db 0
  1010 00003CEC 00                  <1>   .frame db 0
  1011 00003CED 01                  <1>   .frames db 1
  1012 00003CEE C0                  <1>   .framesize db 192
  1013 00003CEF [684B]              <1>   .data dw img.pinkbox
  1014                              <1> 
  1015                              <1> box:
  1016 00003CF1 04                  <1>   .size.w db 4
  1017 00003CF2 04                  <1>   .size.h db 4
  1018 00003CF3 17                  <1>   .pos.x db 23
  1019 00003CF4 10                  <1>   .pos.y db 16
  1020 00003CF5 01                  <1>   .vel.vx db 1
  1021 00003CF6 01                  <1>   .vel.vy db 1
  1022 00003CF7 00                  <1>   .frame db 0
  1023 00003CF8 01                  <1>   .frames db 1
  1024 00003CF9 C0                  <1>   .framesize db 192
  1025 00003CFA [A850]              <1>   .data dw img.box
  1026                              <1> 
  1027                              <1> vbar:
  1028 00003CFC 04                  <1>   .size.w db 4
  1029 00003CFD 04                  <1>   .size.h db 4
  1030 00003CFE 0B                  <1>   .pos.x db 11
  1031 00003CFF 1C                  <1>   .pos.y db 28
  1032 00003D00 01                  <1>   .vel.vx db 1
  1033 00003D01 01                  <1>   .vel.vy db 1
  1034 00003D02 00                  <1>   .frame db 0
  1035 00003D03 01                  <1>   .frames db 1
  1036 00003D04 C0                  <1>   .framesize db 192
  1037 00003D05 [6851]              <1>   .data dw img.vbar
  1038                              <1> 
  1039                              <1> hbar:
  1040 00003D07 04                  <1>   .size.w db 4
  1041 00003D08 04                  <1>   .size.h db 4
  1042 00003D09 1E                  <1>   .pos.x db 30
  1043 00003D0A 08                  <1>   .pos.y db 8
  1044 00003D0B FF                  <1>   .vel.vx db -1
  1045 00003D0C FF                  <1>   .vel.vy db -1
  1046 00003D0D 00                  <1>   .frame db 0
  1047 00003D0E 01                  <1>   .frames db 1
  1048 00003D0F C0                  <1>   .framesize db 192
  1049 00003D10 [2852]              <1>   .data dw img.hbar
  1050                              <1> 
  1051                              <1> question:
  1052 00003D12 04                  <1>   .size.w db 4
  1053 00003D13 04                  <1>   .size.h db 4
  1054 00003D14 08                  <1>   .pos.x db 8
  1055 00003D15 24                  <1>   .pos.y db 36
  1056 00003D16 01                  <1>   .vel.vx db 1
  1057 00003D17 01                  <1>   .vel.vy db 1
  1058 00003D18 00                  <1>   .frame db 0
  1059 00003D19 01                  <1>   .frames db 1
  1060 00003D1A C0                  <1>   .framesize db 192
  1061 00003D1B [685D]              <1>   .data dw img.question
  1062                              <1> 
  1063                              <1> house1:
  1064 00003D1D 04                  <1>   .size.w db 4
  1065 00003D1E 04                  <1>   .size.h db 4
  1066 00003D1F 12                  <1>   .pos.x db 18
  1067 00003D20 0F                  <1>   .pos.y db 15
  1068 00003D21 01                  <1>   .vel.vx db 1
  1069 00003D22 01                  <1>   .vel.vy db 1
  1070 00003D23 00                  <1>   .frame db 0
  1071 00003D24 01                  <1>   .frames db 1
  1072 00003D25 C0                  <1>   .framesize db 192
  1073 00003D26 [A85C]              <1>   .data dw img.house1
  1074                              <1> 
  1075                              <1> 
  1076                              <1> 
  1077                              <1> greenwall_1:
  1078                              <1> 
  1079                              <1> greenwall_2:
  1080                              <1> 
  1081                              <1> greenwall_3:
  1082                              <1> 
  1083                              <1> redwall_1:
  1084                              <1> 
  1085                              <1> redwall_2:
  1086                              <1> 
  1087                              <1> redwall_3:
  1088                              <1> 
  1089                              <1> treetop_1:
  1090                              <1> 
  1091                              <1> treetop_2:
  1092                              <1> 
  1093                              <1> treetop_3:
  1094                              <1> 
  1095                              <1> treething:
  1096                              <1> 
  1097                              <1> treetop_a:
  1098                              <1> 
  1099                              <1> treetop_b:
  1100                              <1> 
  1101                              <1> treeroot_a:
  1102                              <1> 
  1103                              <1> treeroot_b:
  1104                              <1> 
  1105                              <1> cactus_top:
  1106                              <1> 
  1107                              <1> cactus_bottom:
  1108                              <1> 
  1109                              <1> roof_1:
  1110                              <1> 
  1111                              <1> roof_2:
  1112                              <1> 
  1113                              <1> roof_3:
  1114                              <1> 
  1115                              <1> 
  1116                              <1> 
  1117                              <1> img:
  1118 00003D28 <bin C0h>           <1>   .keylock incbin "data/sprites/keylock.bin"
  1119 00003DE8 <bin C0h>           <1>   .key incbin "data/sprites/key.bin"
  1120 00003EA8 <bin C0h>           <1>   .owl incbin "data/sprites/owl.bin"
  1121 00003F68 <bin C0h>           <1>   .crown incbin "data/sprites/crown.bin"
  1122 00004028 <bin C0h>           <1>   .goblet incbin "data/sprites/goblet.bin"
  1123 000040E8 <bin C0h>           <1>   .ring incbin "data/sprites/ring.bin"
  1124 000041A8 <bin C0h>           <1>   .globe incbin "data/sprites/globe.bin"
  1125 00004268 <bin C0h>           <1>   .feather incbin "data/sprites/feather.bin"
  1126 00004328 <bin C0h>           <1>   .totum incbin "data/sprites/totum.bin"
  1127 000043E8 <bin C0h>           <1>   .scroll incbin "data/sprites/scroll.bin"
  1128 000044A8 <bin C0h>           <1>   .building incbin "data/sprites/building.bin"
  1129 00004568 <bin C0h>           <1>   .mirror incbin "data/sprites/mirror.bin"
  1130 00004628 <bin C0h>           <1>   .harp incbin "data/sprites/harp.bin"
  1131 000046E8 <bin C0h>           <1>   .nar incbin "data/sprites/nar.bin"
  1132 000047A8 <bin C0h>           <1>   .computer incbin "data/sprites/computer.bin"
  1133 00004868 <bin C0h>           <1>   .way_down incbin "data/sprites/way_down.bin"
  1134 00004928 <bin C0h>           <1>   .way_left incbin "data/sprites/way_left.bin"
  1135 000049E8 <bin C0h>           <1>   .way_up incbin "data/sprites/way_up.bin"
  1136 00004AA8 <bin C0h>           <1>   .way_right incbin "data/sprites/way_right.bin"
  1137 00004B68 <bin C0h>           <1>   .pinkbox incbin "data/sprites/pinkbox.bin"
  1138 00004C28 <bin C0h>           <1>   .greenwall_1 incbin "data/sprites/greenwall_1.bin"
  1139 00004CE8 <bin C0h>           <1>   .greenwall_2 incbin "data/sprites/greenwall_2.bin"
  1140 00004DA8 <bin C0h>           <1>   .greenwall_3 incbin "data/sprites/greenwall_3.bin"
  1141 00004E68 <bin C0h>           <1>   .redwall_1 incbin "data/sprites/redwall_1.bin"
  1142 00004F28 <bin C0h>           <1>   .redwall_2 incbin "data/sprites/redwall_2.bin"
  1143 00004FE8 <bin C0h>           <1>   .redwall_3 incbin "data/sprites/redwall_3.bin"
  1144 000050A8 <bin C0h>           <1>   .box incbin "data/sprites/box.bin"
  1145 00005168 <bin C0h>           <1>   .vbar incbin "data/sprites/vbar.bin"
  1146 00005228 <bin C0h>           <1>   .hbar incbin "data/sprites/hbar.bin"
  1147 000052E8 <bin C0h>           <1>   .treetop_1 incbin "data/sprites/treetop_1.bin"
  1148 000053A8 <bin C0h>           <1>   .treetop_2 incbin "data/sprites/treetop_2.bin"
  1149 00005468 <bin C0h>           <1>   .treetop_3 incbin "data/sprites/treetop_3.bin"
  1150 00005528 <bin C0h>           <1>   .treething incbin "data/sprites/treething.bin"
  1151 000055E8 <bin C0h>           <1>   .treetop_a incbin "data/sprites/treetop_a.bin"
  1152 000056A8 <bin C0h>           <1>   .treetop_b incbin "data/sprites/treetop_b.bin"
  1153 00005768 <bin C0h>           <1>   .treeroot_a incbin "data/sprites/treeroot_a.bin"
  1154 00005828 <bin C0h>           <1>   .treeroot_b incbin "data/sprites/treeroot_b.bin"
  1155 000058E8 <bin C0h>           <1>   .cactus_top incbin "data/sprites/cactus_top.bin"
  1156 000059A8 <bin C0h>           <1>   .cactus_bottom incbin "data/sprites/cactus_bottom.bin"
  1157 00005A68 <bin C0h>           <1>   .roof_1 incbin "data/sprites/roof_1.bin"
  1158 00005B28 <bin C0h>           <1>   .roof_2 incbin "data/sprites/roof_2.bin"
  1159 00005BE8 <bin C0h>           <1>   .roof_3 incbin "data/sprites/roof_3.bin"
  1160 00005CA8 <bin C0h>           <1>   .house1 incbin "data/sprites/house1.bin"
  1161 00005D68 <bin C0h>           <1>   .question incbin "data/sprites/question.bin"
  1162 00005E28 <bin C0h>           <1>   .stars_1 incbin "data/sprites/stars_1.bin"
  1163 00005EE8 <bin C0h>           <1>   .stars_2 incbin "data/sprites/stars_2.bin"
  1164 00005FA8 <bin C0h>           <1>   .stars_3 incbin "data/sprites/stars_3.bin"
  1165 00006068 <bin C0h>           <1>   .stars_4 incbin "data/sprites/stars_4.bin"
  1166 00006128 <bin C0h>           <1>   .walk_bw_1 incbin "data/sprites/walk_bw_1.bin"
  1167 000061E8 <bin C0h>           <1>   .walk_bw_2 incbin "data/sprites/walk_bw_2.bin"
  1168 000062A8 <bin C0h>           <1>   .walk_fw_1 incbin "data/sprites/walk_fw_1.bin"
  1169 00006368 <bin C0h>           <1>   .walk_fw_2 incbin "data/sprites/walk_fw_2.bin"
  1170 00006428 <bin C0h>           <1>   .walk_left_1 incbin "data/sprites/walk_left_1.bin"
  1171 000064E8 <bin C0h>           <1>   .walk_left_2 incbin "data/sprites/walk_left_2.bin"
  1172 000065A8 <bin C0h>           <1>   .walk_left_3 incbin "data/sprites/walk_left_3.bin"
  1173 00006668 <bin C0h>           <1>   .walk_left_4 incbin "data/sprites/walk_left_4.bin"
  1174 00006728 <bin C0h>           <1>   .walk_right_1 incbin "data/sprites/walk_right_1.bin"
  1175 000067E8 <bin C0h>           <1>   .walk_right_2 incbin "data/sprites/walk_right_2.bin"
  1176 000068A8 <bin C0h>           <1>   .walk_right_3 incbin "data/sprites/walk_right_3.bin"
  1177 00006968 <bin C0h>           <1>   .walk_right_4 incbin "data/sprites/walk_right_4.bin"
  1178 00006A28 <bin C0h>           <1>   .stand_1 incbin "data/sprites/stand_1.bin"
  1179 00006AE8 <bin C0h>           <1>   .stand_2 incbin "data/sprites/stand_2.bin"
  1180 00006BA8 <bin C0h>           <1>   .stand_3 incbin "data/sprites/stand_3.bin"
  1181 00006C68 <bin C0h>           <1>   .stand_4 incbin "data/sprites/stand_4.bin"
  1182 00006D28 <bin C0h>           <1>   .donut_1 incbin "data/sprites/donut_1.bin"
  1183 00006DE8 <bin C0h>           <1>   .donut_2 incbin "data/sprites/donut_2.bin"
  1184 00006EA8 <bin C0h>           <1>   .donut_3 incbin "data/sprites/donut_3.bin"
  1185 00006F68 <bin C0h>           <1>   .donut_4 incbin "data/sprites/donut_4.bin"
  1186 00007028 <bin C0h>           <1>   .sqr_ani_1 incbin "data/sprites/sqr_ani_1.bin"
  1187 000070E8 <bin C0h>           <1>   .sqr_ani_2 incbin "data/sprites/sqr_ani_2.bin"
  1188 000071A8 <bin C0h>           <1>   .sqr_ani_3 incbin "data/sprites/sqr_ani_3.bin"
  1189 00007268 <bin C0h>           <1>   .sqr_ani_4 incbin "data/sprites/sqr_ani_4.bin"
  1190 00007328 <bin C0h>           <1>   .flower_1 incbin "data/sprites/flower_1.bin"
  1191 000073E8 <bin C0h>           <1>   .flower_2 incbin "data/sprites/flower_2.bin"
  1192 000074A8 <bin C0h>           <1>   .flower_3 incbin "data/sprites/flower_3.bin"
  1193 00007568 <bin C0h>           <1>   .flower_4 incbin "data/sprites/flower_4.bin"
  1194 00007628 <bin C0h>           <1>   .explode_1 incbin "data/sprites/explode_1.bin"
  1195 000076E8 <bin C0h>           <1>   .explode_2 incbin "data/sprites/explode_2.bin"
  1196 000077A8 <bin C0h>           <1>   .explode_3 incbin "data/sprites/explode_3.bin"
  1197 00007868 <bin C0h>           <1>   .explode_4 incbin "data/sprites/explode_4.bin"
  1198 00007928 <bin C0h>           <1>   .creep_1 incbin "data/sprites/creep_1.bin"
  1199 000079E8 <bin C0h>           <1>   .creep_2 incbin "data/sprites/creep_2.bin"
  1200 00007AA8 <bin C0h>           <1>   .creep_3 incbin "data/sprites/creep_3.bin"
  1201 00007B68 <bin C0h>           <1>   .creep_4 incbin "data/sprites/creep_4.bin"
  1202 00007C28 <bin C0h>           <1>   .bouncer_1 incbin "data/sprites/bouncer_1.bin"
  1203 00007CE8 <bin C0h>           <1>   .bouncer_2 incbin "data/sprites/bouncer_2.bin"
  1204 00007DA8 <bin C0h>           <1>   .bouncer_3 incbin "data/sprites/bouncer_3.bin"
  1205 00007E68 <bin C0h>           <1>   .bouncer_4 incbin "data/sprites/bouncer_4.bin"
  1206 00007F28 <bin C0h>           <1>   .eye_1 incbin "data/sprites/eye_1.bin"
  1207 00007FE8 <bin C0h>           <1>   .eye_2 incbin "data/sprites/eye_2.bin"
  1208 000080A8 <bin C0h>           <1>   .eye_3 incbin "data/sprites/eye_3.bin"
  1209 00008168 <bin C0h>           <1>   .eye_4 incbin "data/sprites/eye_4.bin"
  1210 00008228 <bin C0h>           <1>   .smurf_1 incbin "data/sprites/smurf_1.bin"
  1211 000082E8 <bin C0h>           <1>   .smurf_2 incbin "data/sprites/smurf_2.bin"
  1212 000083A8 <bin C0h>           <1>   .smurf_3 incbin "data/sprites/smurf_3.bin"
  1213 00008468 <bin C0h>           <1>   .smurf_4 incbin "data/sprites/smurf_4.bin"
  1214                              <1> 
  1215 00008528 <bin C0h>           <1>   .ghost_1 incbin "data/sprites/ghost_1.bin"
  1216 000085E8 <bin C0h>           <1>   .ghost_2 incbin "data/sprites/ghost_2.bin"
  1217 000086A8 <bin C0h>           <1>   .ghost_3 incbin "data/sprites/ghost_3.bin"
  1218 00008768 <bin C0h>           <1>   .ghost_4 incbin "data/sprites/ghost_4.bin"
  1219                              <1> 
  1220 00008828 <bin C0h>           <1>   .lobster_1 incbin "data/sprites/lobster_1.bin"
  1221 000088E8 <bin C0h>           <1>   .lobster_2 incbin "data/sprites/lobster_2.bin"
  1222 000089A8 <bin C0h>           <1>   .lobster_3 incbin "data/sprites/lobster_3.bin"
  1223 00008A68 <bin C0h>           <1>   .lobster_4 incbin "data/sprites/lobster_4.bin"
  1224                              <1> 
    42                                  
    43 00008B28 00<rep 244D8h>          times (180*1024)-($-$$) db 0
    44                                  
