     1                                  RED   equ 0xf000
     2                                  GREEN equ 0x1c00
     3                                  BLUE  equ 0xf400
     4                                  COLS  equ 72
     5                                  ROWS  equ 50
     6                                  ; TOP   equ 9*4*COLS+20*4    ; row=9,col=20
     7                                  ; STEP equ 4+4608; //9+288; //5+COLS*4; //4 ; +COLS*4
     8                                  NUM equ COLS*4*ROWS
     9                                  
    10                                  ; %define t bp   ; t is now [t]
    11                                  %define i di
    12                                  %define x bh
    13                                  %define y bl
    14                                  
    15 00000000 EB08                    jmp setup
    16                                  
    17 00000002 01                      t: db 1
    18 00000003 01                      effect: db 1
    19 00000004 00                      sin_t: db 0
    20 00000005 00                      cos_t: db 0
    21 00000006 00                      xct: db 0
    22 00000007 00                      yst: db 0
    23 00000008 0412                    step: dw 4+4608  ;+ 1*12 ;STEP equ 4+4608; //9+288; //5+COLS*4; //4 ; +COLS*4
    24                                  
    25                                  setup:
    26 0000000A 0E                        push cs
    27 0000000B 1F                        pop ds
    28 0000000C E89400                    call generate_sin_table
    29                                  
    30 0000000F E88200                    call clear_green      ; only needed in MAME
    31 00000012 B005                      mov al, 5
    32 00000014 E610                      out 10h, al           ; select address 0x1c000 as green video page
    33                                  
    34 00000016 BF0000                    mov di,0
    35                                   
    36                                  draw:
    37                                    
    38 00000019 89F8                      mov ax,di
    39 0000001B B92001                    mov cx,COLS*4
    40 0000001E 31D2                      xor dx,dx
    41 00000020 F7F1                      div cx
    42                                  
    43 00000022 88C7                      mov x,al
    44 00000024 88D3                      mov y,dl
    45                                  
    46 00000026 0206[0200]                add al,[t]
    47 0000002A 30E4                      xor ah,ah
    48                                  
    49 0000002C BE[DD01]                  mov si,sin_table
    50 0000002F 01C6                      add si,ax
    51 00000031 AC                        lodsb
    52                                  
    53 00000032 30E4                      xor ah,ah
    54 00000034 00D8                      add al,y
    55                                  
    56                                    ; add si,ax
    57                                  
    58 00000036 B104                      mov cl,4
    59 00000038 D2E8                      shr al,cl
    60 0000003A 31D2                      xor dx,dx
    61 0000003C B10C                      mov cl,12
    62 0000003E F6E1                      mul cl
    63 00000040 30E4                      xor ah,ah
    64 00000042 BE[1D01]                  mov si,img
    65 00000045 01C6                      add si,ax
    66                                  
    67                                  .nx2:
    68                                  
    69 00000047 E81B00                    call draw_cell
    70                                  
    71                                    ;*****************
    72 0000004A 033E[0800]                add di,[step]
    73 0000004E 81FF4038                  cmp di,NUM
    74 00000052 720F                      jb .n1
    75 00000054 81EF4038                  sub di,NUM
    76 00000058 45                        inc bp
    77                                  
    78 00000059 F7C57F00                  test bp,127
    79 0000005D 7504                      jnz .n1
    80 0000005F FE06[0200]                inc byte [t]
    81                                    ; test byte [t],63
    82                                    ; jnz .n1
    83                                    ; inc byte [effect]
    84                                    ; add word [step],12
    85                                    ; test byte [effect],3
    86                                    ; jnz .n1
    87                                    ; call clear_all
    88                                  
    89                                  .n1:
    90 00000063 EBB4                      jmp draw
    91                                  
    92                                  ; ───────────────────────────────────────────────────────────────────────────
    93                                  
    94                                  draw_cell:        ; draw 8x4px (12 bytes) from SI to DI
    95                                    ; push di
    96                                    ; push di
    97                                    ; push di
    98 00000065 89FB                      mov bx,di       ; dit zou sneller kunnen zijn dan push/pop. Wel meer bytes.
    99 00000067 B800F0                    mov ax,RED
   100 0000006A 8EC0                      mov es,ax
   101 0000006C A5                        movsw
   102 0000006D A5                        movsw
   103 0000006E B41C                      mov ah,GREEN>>8 ; save 1 byte because AL is already 0
   104 00000070 8EC0                      mov es,ax
   105                                    ; pop di
   106 00000072 89DF                      mov di,bx
   107 00000074 A5                        movsw
   108 00000075 A5                        movsw
   109 00000076 B4F4                      mov ah,BLUE>>8
   110 00000078 8EC0                      mov es,ax
   111                                    ; pop di
   112 0000007A 89DF                      mov di,bx
   113 0000007C A5                        movsw
   114 0000007D A5                        movsw
   115 0000007E 89DF                      mov di,bx
   116                                    ; pop di
   117 00000080 C3                        ret
   118                                  
   119                                  clear_all:
   120 00000081 B8001C                    mov ax,GREEN
   121 00000084 E81000                    call clear_channel
   122 00000087 B800F0                    mov ax,RED
   123 0000008A E80A00                    call clear_channel
   124 0000008D B800F4                    mov ax,BLUE
   125 00000090 E80400                    call clear_channel
   126 00000093 C3                        ret
   127                                  
   128                                  clear_green:
   129 00000094 B8001C                    mov ax,GREEN
   130                                  
   131                                  clear_channel:
   132 00000097 8EC0                      mov es,ax
   133 00000099 B94038                    mov cx,COLS*4*ROWS
   134 0000009C 31FF                      xor di,di
   135 0000009E 31C0                      xor ax,ax
   136 000000A0 F3AB                      rep stosw         ; clear screen
   137 000000A2 C3                        ret
   138                                  
   139                                  ; ───────────────────────────────────────────────────────────────────────────
   140                                  
   141                                  generate_sin_table:   ; convert quart sine table to full sine table
   142 000000A3 0E                        push cs
   143 000000A4 07                        pop es
   144 000000A5 BF[DD01]                  mov di,sin_table
   145 000000A8 31C0                      xor ax,ax
   146 000000AA B9FF00                    mov cx,255
   147                                  .sin_loop:
   148 000000AD 50                        push ax
   149 000000AE 51                        push cx
   150                                    ; call sin
   151 000000AF B106                      mov cl,6
   152 000000B1 88C2                      mov dl,al        ; dl=angle 0..255
   153 000000B3 D2EA                      shr dl,cl        ; angle/6 = quadrant 0..3
   154 000000B5 88D6                      mov dh,dl        ; dh=copy of quadrant
   155 000000B7 80E601                    and dh,1         ; dh=1 if quadrant is odd 1 or 3
   156 000000BA 88F3                      mov bl,dh        ; bl=dh
   157 000000BC D2E3                      shl bl,cl        ; r = bl<<6
   158 000000BE 88D5                      mov ch,dl        ; gt1
   159 000000C0 D0ED                      shr ch,1
   160 000000C2 28F3                      sub bl,dh        ; s (0 of 63)
   161 000000C4 243F                      and al,63        ; i
   162 000000C6 30D8                      xor al,bl        ; i^bl
   163 000000C8 BB[DD00]                  mov bx,qsin_table
   164 000000CB D7                        xlat
   165 000000CC F6DD                      neg ch
   166 000000CE 30E8                      xor al,ch
   167 000000D0 F6DD                      neg ch,
   168 000000D2 00E8                      add al,ch
   169 000000D4 0480                      add al,128
   170                                    ; end call sin
   171 000000D6 AA                        stosb
   172 000000D7 59                        pop cx
   173 000000D8 58                        pop ax
   174 000000D9 40                        inc ax
   175 000000DA E2D1                      loop .sin_loop
   176 000000DC C3                        ret
   177                                  
   178 000000DD 000306090C0F121518-     qsin_table: db 0,3,6,9,12,15,18,21,24,27,30,33,36,39,42,45,48,51,54,57,59,62,65,67,70,73,75,78,80,82,85,87,89,91,94,96,98,100,102,103,105,107,108,110,112,113,114,116,117,118,119,120,121,122,123,123,124,125,125,126,126,126,126,126
   178 000000E6 1B1E2124272A2D3033-
   178 000000EF 36393B3E414346494B-
   178 000000F8 4E50525557595B5E60-
   178 00000101 62646667696B6C6E70-
   178 0000010A 71727475767778797A-
   178 00000113 7B7B7C7D7D7E7E7E7E-
   178 0000011C 7E                 
   179                                  
   180                                  ; ───────────────────────────────────────────────────────────────────────────
   181                                  
   182 0000011D <bin C0h>               img: incbin "material16x4-dit2.pal"
   183                                  ; img: incbin "material-grey-dit2.pal"
   184                                  ; img: incbin "yyyy-dit2.pal"
   185                                  sin_table: 
   186                                  
   187                                  %assign num $-$$
   188                                  %warning total num
   188          ******************       warning: total 477 [-w+user]
   189 000001DD 00<rep 2CE23h>          times (180*1024)-num db 0
   190                                  
   191                                  
   192                                  
