     1                                  org 0x38
     2                                  cpu 8086
     3                                  
     4                                  RED   equ 0xf000
     5                                  GREEN equ 0x1c00
     6                                  BLUE  equ 0xf400
     7                                  CLEAR equ 0x0000
     8                                  FILL  equ 0xffff
     9                                  
    10 00000000 EB1B                    jmp setup
    11 00000002 53616E796F312E3202-     db 'Sanyo1.2',2,0,1,0,0,2,112,0,0,0,2,0,253,2,0,9,0,2,0
    11 0000000B 000100000270000000-
    11 00000014 0200FD020009000200 
    12                                  
    13                                  setup:
    14 0000001D B005                      mov al,5
    15 0000001F E610                      out 0x10,al 
    16 00000021 BB0000                    mov bx,CLEAR
    17 00000024 B8001C                    mov ax,GREEN
    18 00000027 E86A00                    call colorFill
    19                                  
    20                                  _1E4A:
    21 0000002A B0D8                      mov al,0xD8           
    22 0000002C E608                      out 8,al           ; floppy command: 0b11011000 (0xD8)
    23 0000002E B098                      mov al,0x98           
    24 00000030 E61E                      out 0x1E,al           ; PPI control: 0b10011000 (0x98) 'strobe' / disk select?
    25                                  
    26                                  _1E52:
    27 00000032 E408                      in al,8            ; floppy status
    28 00000034 A801                      test al,1
    29 00000036 75FA                      jnz _1E52            ; loop until bit 1 is high
    30                                  
    31                                  _1E58:
    32 00000038 B008                      mov al,8
    33 0000003A E608                      out 8,al           ; floppy command 0b00001000
    34 0000003C D40A                      aam                   ; wait
    35 0000003E D40A                      aam                   ; wait
    36 00000040 D40A                      aam                   ; wait
    37 00000042 D40A                      aam                   ; wait
    38                                  
    39                                  _1E64:
    40 00000044 E408                      in al,8            ; floppy status dx=8
    41 00000046 A801                      test al,1
    42 00000048 75FA                      jnz _1E64            ; wait until bit 1 is high
    43 0000004A A880                      test al,0x80
    44 0000004C 75EA                      jnz _1E58            ; wait until bit 7 is high
    45                                  
    46                                  _1E6E:
    47 0000004E FC                        cld                   ; clear direction flag
    48 0000004F B001                      mov al,1
    49 00000051 E60C                      out 0x0C,al           ; floppy set sector bit 1
    50 00000053 B800F0                    mov ax,0xf000 ; RED video segment
    51 00000056 8EC0                      mov es,ax             ; segment for data from floppy
    52 00000058 BA0800                    mov dx,8           ; used to read floppy status
    53                                    ; mov si,0x1EA0         ; used for local jmp later on
    54 0000005B BF0000                    mov di,0
    55 0000005E B700                      mov bh,0
    56 00000060 B400                      mov ah,0
    57 00000062 B000                      mov al,0
    58 00000064 E608                      out 8,al           ; floppy
    59 00000066 D40A                      aam
    60 00000068 D40A                      aam
    61 0000006A D40A                      aam
    62 0000006C D40A                      aam
    63                                  
    64                                  
    65                                  _1E91:
    66 0000006E EC                        in al,dx              ; floppy status dx=8
    67 0000006F D0F8                      sar al,1
    68 00000071 731A                      jnb _1EB2            ; floppy
    69 00000073 75F9                      jnz _1E91            ; floppy
    70                                  
    71                                  
    72                                  _1E98:
    73 00000075 EC                        in al,dx              ; floppy dx=8
    74 00000076 20F8                      and al,bh             ; bit 2 (?)
    75 00000078 74FB                      jz _1E98
    76                                  
    77                                  _1E9D:
    78 0000007A E40E                      in al,0x0E            ; read data from floppy
    79 0000007C AA                        stosb                 ; store in es:di++    
    80                                    ; jmp exit
    81                                  
    82                                  _1EA0:
    83 0000007D EC                        in al,dx              ; floppy dx=8
    84 0000007E 48                        dec ax
    85 0000007F 38F8                      cmp al,bh             ; bh = 2 ?
    86 00000081 750A                      jnz _1EB2
    87                                  
    88                                  _1EA8:
    89 00000083 E40E                      in al,0x0E            ; read data from floppy
    90 00000085 AA                        stosb                 ; store in es:di++
    91 00000086 EC                        in al,dx
    92 00000087 38F8                      cmp al,bh
    93 00000089 74F8                      jz _1EA8
    94                                  
    95                                  _1EB0:
    96                                    ; jmp si                ; jump to 0x1EA0
    97 0000008B EBF0                      jmp _1EA0
    98                                  
    99                                  _1EB2:
   100 0000008D EC                        in al,dx              ; floppy status dx=8
   101 0000008E A81C                      test al,0x1C           
   102 00000090 75A0                      jnz _1E52            ; floppy status
   103                                  
   104                                  _1EBC:
   105 00000092 EB0C                      jmp exit
   106                                  
   107                                   
   108                                  colorFill:
   109 00000094 8EC0                      mov es,ax             ; input ax=segment for color channel
   110 00000096 89D8                      mov ax,bx             ; input bx=fill or clear
   111 00000098 31FF                      xor di,di
   112 0000009A B90020                    mov cx,0x2000
   113 0000009D F3AB                      rep stosw
   114 0000009F C3                        ret
   115                                  
   116                                  exit:
   117 000000A0 BB0000                    mov bx,CLEAR
   118 000000A3 B800F4                    mov ax,BLUE
   119 000000A6 E8EBFF                    call colorFill
   120 000000A9 BBFFFF                    mov bx,FILL
   121 000000AC B8001C                    mov ax,GREEN
   122 000000AF E8E2FF                    call colorFill
   123 000000B2 BB0000                    mov bx,CLEAR
   124 000000B5 B800F0                    mov ax,RED
   125 000000B8 E8D9FF                    call colorFill
   126 000000BB F4                        hlt
   127                                  
   128                                  %assign num $-$$
   129 000000BC 00<rep 59F44h>          times 368640-num db  0
