     1                                  %include "sanyo.asm"
     1                              <1> org 0
     2                              <1> cpu 8086
     3                              <1> 
     4                              <1> NUM_SECTORS equ 30          ; number of sectors to read
     5                              <1> BAR_WIDTH equ 30
     6                              <1> COLS  equ 72
     7                              <1> ROWS  equ 50
     8                              <1> LINES equ 200
     9                              <1> CENTER equ COLS*LINES/2+COLS*4/2
    10                              <1> RED   equ 0xf000
    11                              <1> GREEN equ 0x1c00
    12                              <1> BLUE  equ 0xf400
    13                              <1> DST   equ 0x38              ; absolute addres: 32592
    14                              <1> XD    equ 4
    15                              <1> YD    equ COLS*XD
    16                              <1> 
    17                              <1> boot:
    18 00000000 FA                  <1>   cli
    19 00000001 FC                  <1>   cld
    20 00000002 E8B600              <1>   call clear_green          
    21 00000005 B005                <1>   mov al, 5
    22 00000007 E610                <1>   out 10h, al               ; select address 0x1c000 as green video page
    23 00000009 B8001C              <1>   mov ax,GREEN      
    24 0000000C 8ED8                <1>   mov ds,ax                 ; GREEN video segment used for progress bar
    25 0000000E B83800              <1>   mov ax,DST                
    26 00000011 8EC0                <1>   mov es,ax                 ; DST segment used for storing data read from disk
    27 00000013 BF0000              <1>   mov di,0                  ;
    28 00000016 B200                <1>   mov dl,0                  ; track=0
    29 00000018 B601                <1>   mov dh,1                  ; sector=1
    30 0000001A B91E00              <1>   mov cx,NUM_SECTORS        ; read 48h (72) sectors (36864 bytes)
    31 0000001D EB0B                <1>   jmp move_head
    32                              <1> 
    33                              <1> ; ───────────────────────────────────────────────────────────────────────────
    34                              <1> 
    35                              <1> next_sector:
    36 0000001F FEC6                <1>   inc dh                    ; sector++
    37 00000021 80FE0A              <1>   cmp dh,10
    38 00000024 7218                <1>   jb read_sector            ; if (dh<9) read_sector
    39 00000026 B601                <1>   mov dh,1
    40 00000028 FEC2                <1>   inc dl                    ; else track++ ; sector=1
    41                              <1> 
    42                              <1> move_head:
    43 0000002A 88D0                <1>   mov al,dl
    44 0000002C E60E                <1>   out 0Eh,al               ; set track number
    45 0000002E B018                <1>   mov al,18h     
    46 00000030 E608                <1>   out 8,al                 ; seek track, load head
    47 00000032 B000                <1>   mov al,0
    48 00000034 E61C                <1>   out 1Ch,al               ; set desired drive/side
    49 00000036 D40A                <1>   aam
    50                              <1> 
    51                              <1> head_moving:
    52 00000038 E408                <1>   in al,8
    53 0000003A A801                <1>   test al,1
    54 0000003C 75FA                <1>   jnz head_moving
    55                              <1> 
    56                              <1> read_sector:
    57 0000003E 88F0                <1>   mov al,dh
    58 00000040 E60C                <1>   out 0Ch,al                ; sector number
    59 00000042 B702                <1>   mov bh,2                  ; 00000010b
    60 00000044 B396                <1>   mov bl,96h                ; 10010110b
    61 00000046 B400                <1>   mov ah,0
    62 00000048 B080                <1>   mov al,80h
    63 0000004A E608                <1>   out 8,al                  ; read sector
    64 0000004C D40A<rep 4h>        <1>   times 4 aam               ; wait
    65                              <1> 
    66                              <1> check_status_1:
    67 00000054 E408                <1>   in al,8                   ; read status
    68 00000056 D0F8                <1>   sar al,1                  ; status/=2
    69 00000058 731F                <1>   jnb check_status_3
    70 0000005A 75F8                <1>   jnz check_status_1
    71                              <1> 
    72                              <1> wait_for_data:
    73 0000005C E408                <1>   in al,8                   ; read status
    74 0000005E 20D8                <1>   and al,bl                 ; 96h
    75 00000060 74FA                <1>   jz wait_for_data
    76                              <1> 
    77                              <1> store_byte_1:
    78 00000062 E40E                <1>   in al,0Eh
    79 00000064 AA                  <1>   stosb
    80                              <1> 
    81                              <1> check_status_2:
    82 00000065 E408                <1>   in al,8                   ; read status
    83 00000067 48                  <1>   dec ax                    ; status--
    84 00000068 74FB                <1>   jz check_status_2         ; if (status==0) repeat
    85 0000006A 38F8                <1>   cmp al, bh                ; bh=2
    86 0000006C 750B                <1>   jnz check_status_3        ; if (status==1) 
    87                              <1> 
    88                              <1> store_byte_2:
    89 0000006E E40E                <1>   in al,0Eh  
    90 00000070 AA                  <1>   stosb
    91                              <1> 
    92                              <1> check_status_4:
    93 00000071 E408                <1>   in al,8                   ; read status
    94 00000073 38F8                <1>   cmp al, bh                ; bh=2
    95 00000075 74F7                <1>   jz store_byte_2           ; if (status==2) repeat
    96 00000077 EBEC                <1>   jmp check_status_2        ; else: was jmp SI
    97                              <1> 
    98                              <1> ; ───────────────────────────────────────────────────────────────────────────
    99                              <1> 
   100                              <1> check_status_3:
   101 00000079 E408                <1>   in al, 8                  ; read status
   102 0000007B A81C                <1>   test al, 1Ch              ; 00011100
   103 0000007D 7402                <1>   jz while_sectors
   104 0000007F EBBD                <1>   jmp read_sector
   105                              <1> 
   106                              <1> ; ───────────────────────────────────────────────────────────────────────────
   107                              <1> 
   108                              <1> while_sectors:
   109 00000081 E80F00              <1>   call progress_bar
   110 00000084 E299                <1>   loop next_sector
   111                              <1> 
   112                              <1> done_reading:
   113 00000086 0E                  <1>   push cs
   114 00000087 17                  <1>   pop ss
   115 00000088 BC0000              <1>   mov sp,0
   116 0000008B E82D00              <1>   call clear_green
   117 0000008E 0E                  <1>   push cs
   118 0000008F 1F                  <1>   pop ds
   119 00000090 E9B901              <1>   jmp setup
   120                              <1> 
   121                              <1> ; ───────────────────────────────────────────────────────────────────────────
   122                              <1> 
   123                              <1> progress_bar:
   124                              <1>   ;dit kan veel korter als NUM_SECTORS een vaste waarde heeft.
   125 00000093 52                  <1>   push dx
   126 00000094 53                  <1>   push bx
   127 00000095 31D2                <1>   xor dx,dx
   128 00000097 B81E00              <1>   mov ax,BAR_WIDTH
   129 0000009A BB1E00              <1>   mov bx,NUM_SECTORS    
   130 0000009D F7E1                <1>   mul cx
   131 0000009F F7F3                <1>   div bx
   132 000000A1 5B                  <1>   pop bx
   133 000000A2 5A                  <1>   pop dx
   134 000000A3 89C6                <1>   mov si,ax                 ; ax is nu 0..BAR_WIDTH
   135 000000A5 D1E6                <1>   shl si,1                  ; *=2
   136 000000A7 D1E6                <1>   shl si,1                  ; *=2  
   137 000000A9 BDEC1C              <1>   mov bp,CENTER+BAR_WIDTH*2
   138 000000AC 29F5                <1>   sub bp,si
   139 000000AE 3EC64600FF          <1>   mov byte [ds:bp],-1
   140 000000B3 C3                  <1>   ret
   141                              <1> 
   142                              <1> clear_red:
   143 000000B4 B800F0              <1>   mov ax,RED
   144 000000B7 E81900              <1>   call clear_channel
   145 000000BA C3                  <1>   ret
   146                              <1> 
   147                              <1> clear_green:
   148 000000BB B8001C              <1>   mov ax,GREEN
   149 000000BE E81200              <1>   call clear_channel
   150 000000C1 C3                  <1>   ret
   151                              <1> 
   152                              <1> clear_blue:
   153 000000C2 B800F4              <1>   mov ax,BLUE
   154 000000C5 E80B00              <1>   call clear_channel
   155 000000C8 C3                  <1>   ret
   156                              <1> 
   157                              <1> clear_screen:
   158 000000C9 E8E8FF              <1>   call clear_red
   159 000000CC E8ECFF              <1>   call clear_green
   160 000000CF E8F0FF              <1>   call clear_blue
   161 000000D2 C3                  <1>   ret
   162                              <1> 
   163                              <1> clear_channel:
   164 000000D3 8EC0                <1>   mov es,ax
   165 000000D5 B9201C              <1>   mov cx,COLS*ROWS*2
   166 000000D8 31FF                <1>   xor di,di
   167 000000DA 31C0                <1>   xor ax,ax
   168 000000DC F3AB                <1>   rep stosw         ; clear screen
   169 000000DE C3                  <1>   ret
   170                              <1> 
   171                              <1> ; ───────────────────────────────────────────────────────────────────────────
   172                              <1> 
   173 000000DF 00<rep 121h>        <1> times (512)-($-$$) db 0
   174                              <1> 
     2                                  
     3 00000200 00                      char_index: db 0
     4 00000201 4649455020454E2053-     hello1: db "FIEP EN SIENE ZIJN LIEF",0
     4 0000020A 49454E45205A494A4E-
     4 00000213 204C49454600       
     5                                  
     6                                  draw_string:  ; input si=string offset
     7 00000219 C706[5B02]0000            mov word [draw_char.ox],0
     8 0000021F C706[5D02]0000            mov word [draw_char.oy],0
     9 00000225 C706[5F02]1000            mov word [draw_char.width],16
    10 0000022B C706[6102]0C00            mov word [draw_char.height],12
    11                                  
    12                                  .lp
    13 00000231 56                        push si ; string offset
    14 00000232 AC                        lodsb
    15 00000233 08C0                      or al,al
    16 00000235 7413                      jz .done
    17                                  
    18 00000237 A2[5A02]                  mov byte [draw_char.char],al
    19 0000023A E81B00                    call draw_char
    20 0000023D FE06[0002]                inc byte [char_index]
    21 00000241 8306[5B02]0C              add word [draw_char.ox],12
    22 00000246 5E                        pop si
    23 00000247 46                        inc si
    24 00000248 EBE7                      jmp .lp
    25                                  .done
    26 0000024A 5E                        pop si
    27 0000024B C3                        ret
    28                                  
    29                                  
    30                                  setup:
    31 0000024C B800F0                    mov ax,RED
    32 0000024F 8EC0                      mov es,ax
    33 00000251 BE[0102]                  mov si,hello1
    34 00000254 E8C2FF                    call draw_string
    35                                  
    36 00000257 F4                        hlt
    37                                  
    38                                  
    39                                  %include "func.asm"
     1                              <1> draw_char: 
     2 00000258 EB21                <1> jmp .__________
     3                              <1> 
     4                              <1>     ; public
     5 0000025A 41                  <1>     .char db 'A'
     6 0000025B 0000                <1>     .ox dw 0
     7 0000025D 0000                <1>     .oy dw 0
     8 0000025F 1000                <1>     .width dw 16
     9 00000261 0C00                <1>     .height dw 12
    10                              <1> 
    11                              <1>     ; private
    12 00000263 0000                <1>     .bpdiv8 dw 0
    13 00000265 0000                <1>     .bpmod8 dw 0
    14 00000267 0000                <1>     .bpdivw dw 0
    15 00000269 0000                <1>     .bpmodw dw 0
    16 0000026B 0000                <1>     .x dw 0
    17 0000026D 0000                <1>     .y dw 0
    18 0000026F 0000                <1>     .ydiv4 dw 0
    19 00000271 0000                <1>     .ymod4 dw 0
    20 00000273 0000                <1>     .xdiv8 dw 0
    21 00000275 0000                <1>     .xmod8 dw 0
    22 00000277 0000                <1>     .src_bit dw 0
    23 00000279 0000                <1>     .dst_bit dw 0
    24                              <1>     .__________
    25                              <1> 
    26                              <1>     ;bp=width*height
    27 0000027B A1[5F02]            <1>     mov ax,[.width]
    28 0000027E 8B1E[6102]          <1>     mov bx,[.height]
    29 00000282 31D2                <1>     xor dx,dx
    30 00000284 F7E3                <1>     mul bx
    31 00000286 89C5                <1>     mov bp,ax
    32 00000288 4D                  <1>     dec bp            ; n=length*8-1 (zero based)
    33                              <1> 
    34 00000289 BF0000              <1>     mov di,0
    35                              <1> 
    36                              <1> .loop_bits:
    37                              <1>     
    38                              <1>     ; --- bpdiv8, bpmod8
    39 0000028C 89E8                <1>     mov ax,bp         ; bp = current bit index 0..192 (in case of 16x12)
    40 0000028E 31D2                <1>     xor dx,dx
    41 00000290 B90800              <1>     mov cx,8
    42 00000293 F7F1                <1>     div cx            ; ax=bp/8, dx=bp%8
    43 00000295 8916[6502]          <1>     mov [.bpmod8],dx
    44 00000299 A3[6302]            <1>     mov [.bpdiv8],ax
    45                              <1> 
    46                              <1>     ; --- bpdivw, bpmodw
    47 0000029C 89E8                <1>     mov ax,bp         ; bp = current bit index 0..192 (in case of 16x12)
    48 0000029E 31D2                <1>     xor dx,dx
    49 000002A0 8B0E[5F02]          <1>     mov cx,[.width]
    50 000002A4 F7F1                <1>     div cx            ; ax=bp/w, dx=bp%w
    51 000002A6 8916[6902]          <1>     mov [.bpmodw],dx
    52 000002AA A3[6702]            <1>     mov [.bpdivw],ax
    53                              <1> 
    54                              <1>     ; --- int x,y
    55 000002AD 0316[5B02]          <1>     add dx,[.ox]      ; (b % w) + ox
    56 000002B1 0306[5D02]          <1>     add ax,[.oy]      ; (b / w) + oy
    57 000002B5 8916[6B02]          <1>     mov [.x],dx
    58 000002B9 A3[6D02]            <1>     mov [.y],ax
    59                              <1> 
    60                              <1>     ; --- ydiv4, ymod4
    61 000002BC A1[6D02]            <1>     mov ax,[.y]
    62 000002BF 31D2                <1>     xor dx,dx
    63 000002C1 B90400              <1>     mov cx,4
    64 000002C4 F7F1                <1>     div cx
    65 000002C6 A3[6F02]            <1>     mov [.ydiv4],ax
    66 000002C9 8916[7102]          <1>     mov [.ymod4],dx
    67                              <1> 
    68                              <1>     ; --- xdiv8, xmod8
    69 000002CD A1[6B02]            <1>     mov ax,[.x]
    70 000002D0 31D2                <1>     xor dx,dx
    71 000002D2 B90800              <1>     mov cx,8
    72 000002D5 F7F1                <1>     div cx
    73 000002D7 A3[7302]            <1>     mov [.xdiv8],ax
    74 000002DA 8916[7502]          <1>     mov [.xmod8],dx
    75                              <1> 
    76                              <1>     ; --- DI = (y/4) * (4*COLS) + (y%4) + ((x/8)*4);
    77 000002DE A1[6F02]            <1>     mov ax,[.ydiv4]
    78 000002E1 31D2                <1>     xor dx,dx
    79 000002E3 B92001              <1>     mov cx,4*COLS
    80 000002E6 F7E1                <1>     mul cx
    81 000002E8 0306[7102]          <1>     add ax,[.ymod4]
    82 000002EC 8B0E[7302]          <1>     mov cx,[.xdiv8]
    83 000002F0 D1E1<rep 2h>        <1>     times 2 shl cx,1   ; *=4
    84 000002F4 01C8                <1>     add ax,cx
    85 000002F6 89C7                <1>     mov di,ax          ; destination index
    86                              <1> 
    87                              <1>     ; --- dst_bit = 128>>xmod8
    88 000002F8 B88000              <1>     mov ax,128
    89 000002FB 8B0E[7502]          <1>     mov cx,[.xmod8]
    90 000002FF D3E8                <1>     shr ax,cl
    91 00000301 A3[7902]            <1>     mov [.dst_bit],ax  ; destination bit mask
    92                              <1> 
    93                              <1>     ; --- SI = bpdiv8
    94 00000304 30E4                <1>     xor ah,ah
    95 00000306 A0[5A02]            <1>     mov al,[.char]
    96 00000309 2C20                <1>     sub al,32
    97 0000030B B91800              <1>     mov cx,24
    98 0000030E F7E1                <1>     mul cx
    99 00000310 89C6                <1>     mov si,ax
   100 00000312 81C6[3D03]          <1>     add si,font
   101 00000316 0336[6302]          <1>     add si,[.bpdiv8]   ; source index
   102                              <1> 
   103                              <1>     ; --- src_bit = 128>>bpmod8
   104 0000031A B88000              <1>     mov ax,128
   105 0000031D 8B0E[6502]          <1>     mov cx,[.bpmod8]
   106 00000321 D3E8                <1>     shr ax,cl
   107 00000323 A3[7702]            <1>     mov [.src_bit],ax  ; source bit mask
   108                              <1> 
   109                              <1>     ; --- if [si] & [.src_bit]
   110 00000326 8504                <1>     test [si],ax
   111 00000328 7502                <1>     jnz .set
   112 0000032A 7408                <1>     jz .clr
   113                              <1> .set
   114 0000032C A0[7902]            <1>     mov byte al,[.dst_bit]
   115                              <1>     ; mov byte al,[bp]
   116 0000032F 260805              <1>     or byte [es:di],al
   117 00000332 EB00                <1>     jmp .next
   118                              <1> .clr  
   119                              <1>     ; mov byte al, [.dst_bit]
   120                              <1>     ; not al  
   121                              <1>     ; and byte [es:di],al
   122                              <1>     ; jmp .next
   123                              <1> 
   124                              <1> .next
   125                              <1> 
   126                              <1>     ;loop while(bp-->0)
   127 00000334 4D                  <1>     dec bp
   128 00000335 09ED                <1>     or bp,bp
   129 00000337 7403E950FF          <1>     jnz .loop_bits
   130                              <1> 
   131 0000033C C3                  <1>     ret
   132                              <1> 
   133                              <1> ; ───────────────────────────────────────────────────────────────────────────
    40                                  
    41                                  
    42                                  %include "assets.asm"
     1                              <1> font:
     2 0000033D <bin 18h>           <1>   incbin "data/font/chr32.bin"
     3 00000355 <bin 18h>           <1>   incbin "data/font/chr33.bin"
     4 0000036D <bin 18h>           <1>   incbin "data/font/chr34.bin"
     5 00000385 <bin 18h>           <1>   incbin "data/font/chr35.bin"
     6 0000039D <bin 18h>           <1>   incbin "data/font/chr36.bin"
     7 000003B5 <bin 18h>           <1>   incbin "data/font/chr37.bin"
     8 000003CD <bin 18h>           <1>   incbin "data/font/chr38.bin"
     9 000003E5 <bin 18h>           <1>   incbin "data/font/chr39.bin"
    10 000003FD <bin 18h>           <1>   incbin "data/font/chr40.bin"
    11 00000415 <bin 18h>           <1>   incbin "data/font/chr41.bin"
    12 0000042D <bin 18h>           <1>   incbin "data/font/chr42.bin"
    13 00000445 <bin 18h>           <1>   incbin "data/font/chr43.bin"
    14 0000045D <bin 18h>           <1>   incbin "data/font/chr44.bin"
    15 00000475 <bin 18h>           <1>   incbin "data/font/chr45.bin"
    16 0000048D <bin 18h>           <1>   incbin "data/font/chr46.bin"
    17 000004A5 <bin 18h>           <1>   incbin "data/font/chr47.bin"
    18 000004BD <bin 18h>           <1>   incbin "data/font/chr48.bin"
    19 000004D5 <bin 18h>           <1>   incbin "data/font/chr49.bin"
    20 000004ED <bin 18h>           <1>   incbin "data/font/chr50.bin"
    21 00000505 <bin 18h>           <1>   incbin "data/font/chr51.bin"
    22 0000051D <bin 18h>           <1>   incbin "data/font/chr52.bin"
    23 00000535 <bin 18h>           <1>   incbin "data/font/chr53.bin"
    24 0000054D <bin 18h>           <1>   incbin "data/font/chr54.bin"
    25 00000565 <bin 18h>           <1>   incbin "data/font/chr55.bin"
    26 0000057D <bin 18h>           <1>   incbin "data/font/chr56.bin"
    27 00000595 <bin 18h>           <1>   incbin "data/font/chr57.bin"
    28 000005AD <bin 18h>           <1>   incbin "data/font/chr58.bin"
    29 000005C5 <bin 18h>           <1>   incbin "data/font/chr59.bin"
    30 000005DD <bin 18h>           <1>   incbin "data/font/chr60.bin"
    31 000005F5 <bin 18h>           <1>   incbin "data/font/chr61.bin"
    32 0000060D <bin 18h>           <1>   incbin "data/font/chr62.bin"
    33 00000625 <bin 18h>           <1>   incbin "data/font/chr63.bin"
    34 0000063D <bin 18h>           <1>   incbin "data/font/chr64.bin"
    35 00000655 <bin 18h>           <1>   incbin "data/font/chr65.bin"
    36 0000066D <bin 18h>           <1>   incbin "data/font/chr66.bin"
    37 00000685 <bin 18h>           <1>   incbin "data/font/chr67.bin"
    38 0000069D <bin 18h>           <1>   incbin "data/font/chr68.bin"
    39 000006B5 <bin 18h>           <1>   incbin "data/font/chr69.bin"
    40 000006CD <bin 18h>           <1>   incbin "data/font/chr70.bin"
    41 000006E5 <bin 18h>           <1>   incbin "data/font/chr71.bin"
    42 000006FD <bin 18h>           <1>   incbin "data/font/chr72.bin"
    43 00000715 <bin 18h>           <1>   incbin "data/font/chr73.bin"
    44 0000072D <bin 18h>           <1>   incbin "data/font/chr74.bin"
    45 00000745 <bin 18h>           <1>   incbin "data/font/chr75.bin"
    46 0000075D <bin 18h>           <1>   incbin "data/font/chr76.bin"
    47 00000775 <bin 18h>           <1>   incbin "data/font/chr77.bin"
    48 0000078D <bin 18h>           <1>   incbin "data/font/chr78.bin"
    49 000007A5 <bin 18h>           <1>   incbin "data/font/chr79.bin"
    50 000007BD <bin 18h>           <1>   incbin "data/font/chr80.bin"
    51 000007D5 <bin 18h>           <1>   incbin "data/font/chr81.bin"
    52 000007ED <bin 18h>           <1>   incbin "data/font/chr82.bin"
    53 00000805 <bin 18h>           <1>   incbin "data/font/chr83.bin"
    54 0000081D <bin 18h>           <1>   incbin "data/font/chr84.bin"
    55 00000835 <bin 18h>           <1>   incbin "data/font/chr85.bin"
    56 0000084D <bin 18h>           <1>   incbin "data/font/chr86.bin"
    57 00000865 <bin 18h>           <1>   incbin "data/font/chr87.bin"
    58 0000087D <bin 18h>           <1>   incbin "data/font/chr88.bin"
    59 00000895 <bin 18h>           <1>   incbin "data/font/chr89.bin"
    60                              <1> 
    61                              <1> ; donut: 
    62                              <1> ;   .size.w db 4
    63                              <1> ;   .size.h db 4
    64                              <1> ;   .pos.x db 0
    65                              <1> ;   .pos.y db 0
    66                              <1> ;   .vel.vx db -1
    67                              <1> ;   .vel.vy db 1
    68                              <1> ;   .frame db 0
    69                              <1> ;   .frames db 4
    70                              <1> ;   .framesize db 192
    71                              <1> ;   .data dw img.donut_1
    72                              <1> 
    73                              <1> ; stars:
    74                              <1> ;   .size.w db 4
    75                              <1> ;   .size.h db 4
    76                              <1> ;   .pos.x db 4
    77                              <1> ;   .pos.y db 0
    78                              <1> ;   .vel.vx db 1
    79                              <1> ;   .vel.vy db 1
    80                              <1> ;   .frame db 0
    81                              <1> ;   .frames db 4
    82                              <1> ;   .framesize db 192
    83                              <1> ;   .data dw img.stars_1
    84                              <1> 
    85                              <1> ; sqr_ani:
    86                              <1> ;   .size.w db 4
    87                              <1> ;   .size.h db 4
    88                              <1> ;   .pos.x db 8
    89                              <1> ;   .pos.y db 0
    90                              <1> ;   .vel.vx db 1
    91                              <1> ;   .vel.vy db -1
    92                              <1> ;   .frame db 0
    93                              <1> ;   .frames db 4
    94                              <1> ;   .framesize db 192
    95                              <1> ;   .data dw img.sqr_ani_1
    96                              <1> 
    97                              <1> ; walk_fw:
    98                              <1> ;   .size.w db 4
    99                              <1> ;   .size.h db 4
   100                              <1> ;   .pos.x db 12
   101                              <1> ;   .pos.y db 0
   102                              <1> ;   .vel.vx db -1
   103                              <1> ;   .vel.vy db 1
   104                              <1> ;   .frame db 0
   105                              <1> ;   .frames db 2
   106                              <1> ;   .framesize db 192
   107                              <1> ;   .data dw img.walk_fw_1
   108                              <1> 
   109                              <1> ; walk_bw:
   110                              <1> ;   .size.w db 4
   111                              <1> ;   .size.h db 4
   112                              <1> ;   .pos.x db 16
   113                              <1> ;   .pos.y db 0
   114                              <1> ;   .vel.vx db -1
   115                              <1> ;   .vel.vy db 1
   116                              <1> ;   .frame db 0
   117                              <1> ;   .frames db 2
   118                              <1> ;   .framesize db 192
   119                              <1> ;   .data dw img.walk_bw_1
   120                              <1> 
   121                              <1> ; stand:
   122                              <1> ;   .size.w db 4
   123                              <1> ;   .size.h db 4
   124                              <1> ;   .pos.x db 20
   125                              <1> ;   .pos.y db 0
   126                              <1> ;   .vel.vx db 1
   127                              <1> ;   .vel.vy db -1
   128                              <1> ;   .frame db 0
   129                              <1> ;   .frames db 4
   130                              <1> ;   .framesize db 192
   131                              <1> ;   .data dw img.stand_1
   132                              <1> 
   133                              <1> ; walk_left:
   134                              <1> ;   .size.w db 4
   135                              <1> ;   .size.h db 4
   136                              <1> ;   .pos.x db 24
   137                              <1> ;   .pos.y db 0
   138                              <1> ;   .vel.vx db 1
   139                              <1> ;   .vel.vy db 1
   140                              <1> ;   .frame db 0
   141                              <1> ;   .frames db 4
   142                              <1> ;   .framesize db 192
   143                              <1> ;   .data dw img.walk_left_1
   144                              <1> 
   145                              <1> ; walk_right:
   146                              <1> ;   .size.w db 4
   147                              <1> ;   .size.h db 4
   148                              <1> ;   .pos.x db 28
   149                              <1> ;   .pos.y db 0
   150                              <1> ;   .vel.vx db 1
   151                              <1> ;   .vel.vy db -1
   152                              <1> ;   .frame db 0
   153                              <1> ;   .frames db 4
   154                              <1> ;   .framesize db 192
   155                              <1> ;   .data dw img.walk_right_1
   156                              <1> 
   157                              <1> ; flower:
   158                              <1> ;   .size.w db 4
   159                              <1> ;   .size.h db 4
   160                              <1> ;   .pos.x db 32
   161                              <1> ;   .pos.y db 0
   162                              <1> ;   .vel.vx db 1
   163                              <1> ;   .vel.vy db 1
   164                              <1> ;   .frame db 0
   165                              <1> ;   .frames db 4
   166                              <1> ;   .framesize db 192
   167                              <1> ;   .data dw img.flower_1
   168                              <1> 
   169                              <1> ; explode:
   170                              <1> ;   .size.w db 4
   171                              <1> ;   .size.h db 4
   172                              <1> ;   .pos.x db 36
   173                              <1> ;   .pos.y db 0
   174                              <1> ;   .vel.vx db 1
   175                              <1> ;   .vel.vy db 1
   176                              <1> ;   .frame db 0
   177                              <1> ;   .frames db 4
   178                              <1> ;   .framesize db 192
   179                              <1> ;   .data dw img.explode_1
   180                              <1> 
   181                              <1> ; creep:
   182                              <1> ;   .size.w db 4
   183                              <1> ;   .size.h db 4
   184                              <1> ;   .pos.x db 40
   185                              <1> ;   .pos.y db 0
   186                              <1> ;   .vel.vx db -1
   187                              <1> ;   .vel.vy db -1
   188                              <1> ;   .frame db 0
   189                              <1> ;   .frames db 4
   190                              <1> ;   .framesize db 192
   191                              <1> ;   .data dw img.creep_1
   192                              <1> 
   193                              <1> ; bouncer:
   194                              <1> ;   .size.w db 4
   195                              <1> ;   .size.h db 4
   196                              <1> ;   .pos.x db 44
   197                              <1> ;   .pos.y db 0
   198                              <1> ;   .vel.vx db 1
   199                              <1> ;   .vel.vy db 1
   200                              <1> ;   .frame db 0
   201                              <1> ;   .frames db 4
   202                              <1> ;   .framesize db 192
   203                              <1> ;   .data dw img.bouncer_1
   204                              <1> 
   205                              <1> ; eye:
   206                              <1> ;   .size.w db 4
   207                              <1> ;   .size.h db 4
   208                              <1> ;   .pos.x db 48
   209                              <1> ;   .pos.y db 0
   210                              <1> ;   .vel.vx db -1
   211                              <1> ;   .vel.vy db 1
   212                              <1> ;   .frame db 0
   213                              <1> ;   .frames db 4
   214                              <1> ;   .framesize db 192
   215                              <1> ;   .data dw img.eye_1
   216                              <1> 
   217                              <1> ; smurf_left:
   218                              <1> ;   .size.w db 4
   219                              <1> ;   .size.h db 4
   220                              <1> ;   .pos.x db 52
   221                              <1> ;   .pos.y db 0
   222                              <1> ;   .vel.vx db 1
   223                              <1> ;   .vel.vy db 1
   224                              <1> ;   .frame db 0
   225                              <1> ;   .frames db 2
   226                              <1> ;   .framesize db 192
   227                              <1> ;   .data dw img.smurf_1
   228                              <1> 
   229                              <1> ; smurf_right:
   230                              <1> ;   .size.w db 4
   231                              <1> ;   .size.h db 4
   232                              <1> ;   .pos.x db 56
   233                              <1> ;   .pos.y db 0
   234                              <1> ;   .vel.vx db 1
   235                              <1> ;   .vel.vy db 1
   236                              <1> ;   .frame db 0
   237                              <1> ;   .frames db 2
   238                              <1> ;   .framesize db 192
   239                              <1> ;   .data dw img.smurf_3
   240                              <1> 
   241                              <1> ; ghost:
   242                              <1> ;   .size.w db 4
   243                              <1> ;   .size.h db 4
   244                              <1> ;   .pos.x db 52
   245                              <1> ;   .pos.y db 4
   246                              <1> ;   .vel.vx db -1
   247                              <1> ;   .vel.vy db 1
   248                              <1> ;   .frame db 0
   249                              <1> ;   .frames db 4
   250                              <1> ;   .framesize db 192
   251                              <1> ;   .data dw img.ghost_1
   252                              <1> 
   253                              <1> ; lobster_right:
   254                              <1> ;   .size.w db 4
   255                              <1> ;   .size.h db 4
   256                              <1> ;   .pos.x db 48
   257                              <1> ;   .pos.y db 4
   258                              <1> ;   .vel.vx db 1
   259                              <1> ;   .vel.vy db 1
   260                              <1> ;   .frame db 0
   261                              <1> ;   .frames db 2
   262                              <1> ;   .framesize db 192
   263                              <1> ;   .data dw img.lobster_3
   264                              <1> 
   265                              <1> ; lobster_left:
   266                              <1> ;   .size.w db 4
   267                              <1> ;   .size.h db 4
   268                              <1> ;   .pos.x db 56
   269                              <1> ;   .pos.y db 4
   270                              <1> ;   .vel.vx db -1
   271                              <1> ;   .vel.vy db 1
   272                              <1> ;   .frame db 0
   273                              <1> ;   .frames db 2
   274                              <1> ;   .framesize db 192
   275                              <1> ;   .data dw img.lobster_1
   276                              <1> 
   277                              <1> ; keylock:
   278                              <1> ;   .size.w db 4
   279                              <1> ;   .size.h db 4
   280                              <1> ;   .pos.x db 0
   281                              <1> ;   .pos.y db 4
   282                              <1> ;   .vel.vx db 1
   283                              <1> ;   .vel.vy db -1
   284                              <1> ;   .frame db 0
   285                              <1> ;   .frames db 1
   286                              <1> ;   .framesize db 192
   287                              <1> ;   .data dw img.keylock
   288                              <1> 
   289                              <1> ; key:
   290                              <1> ;   .size.w db 4
   291                              <1> ;   .size.h db 4
   292                              <1> ;   .pos.x db 4
   293                              <1> ;   .pos.y db 4
   294                              <1> ;   .vel.vx db 1
   295                              <1> ;   .vel.vy db 1
   296                              <1> ;   .frame db 0
   297                              <1> ;   .frames db 1
   298                              <1> ;   .framesize db 192
   299                              <1> ;   .data dw img.key
   300                              <1> 
   301                              <1> ; owl:
   302                              <1> ;   .size.w db 4
   303                              <1> ;   .size.h db 4
   304                              <1> ;   .pos.x db 8
   305                              <1> ;   .pos.y db 4
   306                              <1> ;   .vel.vx db 1
   307                              <1> ;   .vel.vy db 1
   308                              <1> ;   .frame db 0
   309                              <1> ;   .frames db 1
   310                              <1> ;   .framesize db 192
   311                              <1> ;   .data dw img.owl
   312                              <1> 
   313                              <1> ; crown:
   314                              <1> ;   .size.w db 4
   315                              <1> ;   .size.h db 4
   316                              <1> ;   .pos.x db 12
   317                              <1> ;   .pos.y db 4
   318                              <1> ;   .vel.vx db -1
   319                              <1> ;   .vel.vy db 1
   320                              <1> ;   .frame db 0
   321                              <1> ;   .frames db 1
   322                              <1> ;   .framesize db 192
   323                              <1> ;   .data dw img.crown
   324                              <1> 
   325                              <1> ; goblet:
   326                              <1> ;   .size.w db 4
   327                              <1> ;   .size.h db 4
   328                              <1> ;   .pos.x db 16
   329                              <1> ;   .pos.y db 4
   330                              <1> ;   .vel.vx db 1
   331                              <1> ;   .vel.vy db -1
   332                              <1> ;   .frame db 0
   333                              <1> ;   .frames db 1
   334                              <1> ;   .framesize db 192
   335                              <1> ;   .data dw img.goblet
   336                              <1> 
   337                              <1> ; ring:
   338                              <1> ;   .size.w db 4
   339                              <1> ;   .size.h db 4
   340                              <1> ;   .pos.x db 20
   341                              <1> ;   .pos.y db 4
   342                              <1> ;   .vel.vx db 1
   343                              <1> ;   .vel.vy db 1
   344                              <1> ;   .frame db 0
   345                              <1> ;   .frames db 1
   346                              <1> ;   .framesize db 192
   347                              <1> ;   .data dw img.ring
   348                              <1> 
   349                              <1> ; globe:
   350                              <1> ;   .size.w db 4
   351                              <1> ;   .size.h db 4
   352                              <1> ;   .pos.x db 24
   353                              <1> ;   .pos.y db 4
   354                              <1> ;   .vel.vx db 1
   355                              <1> ;   .vel.vy db 1
   356                              <1> ;   .frame db 0
   357                              <1> ;   .frames db 1
   358                              <1> ;   .framesize db 192
   359                              <1> ;   .data dw img.globe
   360                              <1> 
   361                              <1> ; feather:
   362                              <1> ;   .size.w db 4
   363                              <1> ;   .size.h db 4
   364                              <1> ;   .pos.x db 28
   365                              <1> ;   .pos.y db 4
   366                              <1> ;   .vel.vx db -1
   367                              <1> ;   .vel.vy db 1
   368                              <1> ;   .frame db 0
   369                              <1> ;   .frames db 1
   370                              <1> ;   .framesize db 192
   371                              <1> ;   .data dw img.feather
   372                              <1> 
   373                              <1> ; totum:
   374                              <1> ;   .size.w db 4
   375                              <1> ;   .size.h db 4
   376                              <1> ;   .pos.x db 32
   377                              <1> ;   .pos.y db 4
   378                              <1> ;   .vel.vx db 1
   379                              <1> ;   .vel.vy db 1
   380                              <1> ;   .frame db 0
   381                              <1> ;   .frames db 1
   382                              <1> ;   .framesize db 192
   383                              <1> ;   .data dw img.totum
   384                              <1> 
   385                              <1> ; building:
   386                              <1> ;   .size.w db 4
   387                              <1> ;   .size.h db 4
   388                              <1> ;   .pos.x db 36
   389                              <1> ;   .pos.y db 4
   390                              <1> ;   .vel.vx db 1
   391                              <1> ;   .vel.vy db 1
   392                              <1> ;   .frame db 0
   393                              <1> ;   .frames db 1
   394                              <1> ;   .framesize db 192
   395                              <1> ;   .data dw img.building
   396                              <1> 
   397                              <1> ; mirror:
   398                              <1> ;   .size.w db 4
   399                              <1> ;   .size.h db 4
   400                              <1> ;   .pos.x db 40
   401                              <1> ;   .pos.y db 4
   402                              <1> ;   .vel.vx db 1
   403                              <1> ;   .vel.vy db -1
   404                              <1> ;   .frame db 0
   405                              <1> ;   .frames db 1
   406                              <1> ;   .framesize db 192
   407                              <1> ;   .data dw img.mirror
   408                              <1> 
   409                              <1> ; harp:
   410                              <1> ;   .size.w db 4
   411                              <1> ;   .size.h db 4
   412                              <1> ;   .pos.x db 44
   413                              <1> ;   .pos.y db 4
   414                              <1> ;   .vel.vx db 1
   415                              <1> ;   .vel.vy db 1
   416                              <1> ;   .frame db 0
   417                              <1> ;   .frames db 1
   418                              <1> ;   .framesize db 192
   419                              <1> ;   .data dw img.harp
   420                              <1> 
   421                              <1> ; nar:
   422                              <1> ;   .size.w db 4
   423                              <1> ;   .size.h db 4
   424                              <1> ;   .pos.x db 44
   425                              <1> ;   .pos.y db 4
   426                              <1> ;   .vel.vx db 1
   427                              <1> ;   .vel.vy db 1
   428                              <1> ;   .frame db 0
   429                              <1> ;   .frames db 1
   430                              <1> ;   .framesize db 192
   431                              <1> ;   .data dw img.harp
   432                              <1> 
   433                              <1> ; computer:
   434                              <1> ;   .size.w db 4
   435                              <1> ;   .size.h db 4
   436                              <1> ;   .pos.x db 0
   437                              <1> ;   .pos.y db 8
   438                              <1> ;   .vel.vx db -1
   439                              <1> ;   .vel.vy db 1
   440                              <1> ;   .frame db 0
   441                              <1> ;   .frames db 1
   442                              <1> ;   .framesize db 192
   443                              <1> ;   .data dw img.computer
   444                              <1> 
   445                              <1> ; way_down:
   446                              <1> ;   .size.w db 4
   447                              <1> ;   .size.h db 4
   448                              <1> ;   .pos.x db 8
   449                              <1> ;   .pos.y db 8
   450                              <1> ;   .vel.vx db -1
   451                              <1> ;   .vel.vy db -1
   452                              <1> ;   .frame db 0
   453                              <1> ;   .frames db 1
   454                              <1> ;   .framesize db 192
   455                              <1> ;   .data dw img.way_down
   456                              <1> 
   457                              <1> ; way_left:
   458                              <1> ;   .size.w db 4
   459                              <1> ;   .size.h db 4
   460                              <1> ;   .pos.x db 4
   461                              <1> ;   .pos.y db 8
   462                              <1> ;   .vel.vx db 1
   463                              <1> ;   .vel.vy db 1
   464                              <1> ;   .frame db 0
   465                              <1> ;   .frames db 1
   466                              <1> ;   .framesize db 192
   467                              <1> ;   .data dw img.way_left
   468                              <1> 
   469                              <1> ; way_up:
   470                              <1> ;   .size.w db 4
   471                              <1> ;   .size.h db 4
   472                              <1> ;   .pos.x db 12
   473                              <1> ;   .pos.y db 8
   474                              <1> ;   .vel.vx db 1
   475                              <1> ;   .vel.vy db 1
   476                              <1> ;   .frame db 0
   477                              <1> ;   .frames db 1
   478                              <1> ;   .framesize db 192
   479                              <1> ;   .data dw img.way_up
   480                              <1> 
   481                              <1> ; way_right:
   482                              <1> ;   .size.w db 4
   483                              <1> ;   .size.h db 4
   484                              <1> ;   .pos.x db 16
   485                              <1> ;   .pos.y db 8
   486                              <1> ;   .vel.vx db -1
   487                              <1> ;   .vel.vy db 1
   488                              <1> ;   .frame db 0
   489                              <1> ;   .frames db 1
   490                              <1> ;   .framesize db 192
   491                              <1> ;   .data dw img.way_right
   492                              <1> 
   493                              <1> ; pinkbox:
   494                              <1> ;   .size.w db 4
   495                              <1> ;   .size.h db 4
   496                              <1> ;   .pos.x db 20
   497                              <1> ;   .pos.y db 8
   498                              <1> ;   .vel.vx db 1
   499                              <1> ;   .vel.vy db 1
   500                              <1> ;   .frame db 0
   501                              <1> ;   .frames db 1
   502                              <1> ;   .framesize db 192
   503                              <1> ;   .data dw img.pinkbox
   504                              <1> 
   505                              <1> ; box:
   506                              <1> ;   .size.w db 4
   507                              <1> ;   .size.h db 4
   508                              <1> ;   .pos.x db 24
   509                              <1> ;   .pos.y db 8
   510                              <1> ;   .vel.vx db 1
   511                              <1> ;   .vel.vy db 1
   512                              <1> ;   .frame db 0
   513                              <1> ;   .frames db 1
   514                              <1> ;   .framesize db 192
   515                              <1> ;   .data dw img.box
   516                              <1> 
   517                              <1> ; vbar:
   518                              <1> ;   .size.w db 4
   519                              <1> ;   .size.h db 4
   520                              <1> ;   .pos.x db 28
   521                              <1> ;   .pos.y db 8
   522                              <1> ;   .vel.vx db 1
   523                              <1> ;   .vel.vy db 1
   524                              <1> ;   .frame db 0
   525                              <1> ;   .frames db 1
   526                              <1> ;   .framesize db 192
   527                              <1> ;   .data dw img.vbar
   528                              <1> 
   529                              <1> ; hbar:
   530                              <1> ;   .size.w db 4
   531                              <1> ;   .size.h db 4
   532                              <1> ;   .pos.x db 32
   533                              <1> ;   .pos.y db 8
   534                              <1> ;   .vel.vx db -1
   535                              <1> ;   .vel.vy db -1
   536                              <1> ;   .frame db 0
   537                              <1> ;   .frames db 1
   538                              <1> ;   .framesize db 192
   539                              <1> ;   .data dw img.hbar
   540                              <1> 
   541                              <1> ; question:
   542                              <1> ;   .size.w db 4
   543                              <1> ;   .size.h db 4
   544                              <1> ;   .pos.x db 36
   545                              <1> ;   .pos.y db 8
   546                              <1> ;   .vel.vx db 1
   547                              <1> ;   .vel.vy db 1
   548                              <1> ;   .frame db 0
   549                              <1> ;   .frames db 1
   550                              <1> ;   .framesize db 192
   551                              <1> ;   .data dw img.question
   552                              <1> 
   553                              <1> ; house1:
   554                              <1> ;   .size.w db 4
   555                              <1> ;   .size.h db 4
   556                              <1> ;   .pos.x db 40
   557                              <1> ;   .pos.y db 8
   558                              <1> ;   .vel.vx db 1
   559                              <1> ;   .vel.vy db 1
   560                              <1> ;   .frame db 0
   561                              <1> ;   .frames db 1
   562                              <1> ;   .framesize db 192
   563                              <1> ;   .data dw img.house1
   564                              <1> 
   565                              <1> 
   566                              <1> donut: 
   567 000008AD 04                  <1>   .size.w db 4
   568 000008AE 04                  <1>   .size.h db 4
   569 000008AF 0C                  <1>   .pos.x db 12
   570 000008B0 17                  <1>   .pos.y db 23
   571 000008B1 FF                  <1>   .vel.vx db -1
   572 000008B2 01                  <1>   .vel.vy db 1
   573 000008B3 00                  <1>   .frame db 0
   574 000008B4 04                  <1>   .frames db 4
   575 000008B5 C0                  <1>   .framesize db 192
   576 000008B6 [7B3A]              <1>   .data dw img.donut_1
   577                              <1> 
   578                              <1> stars:
   579 000008B8 04                  <1>   .size.w db 4
   580 000008B9 04                  <1>   .size.h db 4
   581 000008BA 21                  <1>   .pos.x db 33
   582 000008BB 08                  <1>   .pos.y db 8
   583 000008BC 01                  <1>   .vel.vx db 1
   584 000008BD 01                  <1>   .vel.vy db 1
   585 000008BE 00                  <1>   .frame db 0
   586 000008BF 04                  <1>   .frames db 4
   587 000008C0 C0                  <1>   .framesize db 192
   588 000008C1 [7B2B]              <1>   .data dw img.stars_1
   589                              <1> 
   590                              <1> sqr_ani:
   591 000008C3 04                  <1>   .size.w db 4
   592 000008C4 04                  <1>   .size.h db 4
   593 000008C5 14                  <1>   .pos.x db 20
   594 000008C6 11                  <1>   .pos.y db 17
   595 000008C7 01                  <1>   .vel.vx db 1
   596 000008C8 FF                  <1>   .vel.vy db -1
   597 000008C9 00                  <1>   .frame db 0
   598 000008CA 04                  <1>   .frames db 4
   599 000008CB C0                  <1>   .framesize db 192
   600 000008CC [7B3D]              <1>   .data dw img.sqr_ani_1
   601                              <1> 
   602                              <1> walk_fw:
   603 000008CE 04                  <1>   .size.w db 4
   604 000008CF 04                  <1>   .size.h db 4
   605 000008D0 2A                  <1>   .pos.x db 42
   606 000008D1 05                  <1>   .pos.y db 5
   607 000008D2 FF                  <1>   .vel.vx db -1
   608 000008D3 01                  <1>   .vel.vy db 1
   609 000008D4 00                  <1>   .frame db 0
   610 000008D5 02                  <1>   .frames db 2
   611 000008D6 C0                  <1>   .framesize db 192
   612 000008D7 [FB2F]              <1>   .data dw img.walk_fw_1
   613                              <1> 
   614                              <1> walk_bw:
   615 000008D9 04                  <1>   .size.w db 4
   616 000008DA 04                  <1>   .size.h db 4
   617 000008DB 26                  <1>   .pos.x db 38
   618 000008DC 1D                  <1>   .pos.y db 29
   619 000008DD FF                  <1>   .vel.vx db -1
   620 000008DE 01                  <1>   .vel.vy db 1
   621 000008DF 00                  <1>   .frame db 0
   622 000008E0 02                  <1>   .frames db 2
   623 000008E1 C0                  <1>   .framesize db 192
   624 000008E2 [7B2E]              <1>   .data dw img.walk_bw_1
   625                              <1> 
   626                              <1> stand:
   627 000008E4 04                  <1>   .size.w db 4
   628 000008E5 04                  <1>   .size.h db 4
   629 000008E6 05                  <1>   .pos.x db 5
   630 000008E7 24                  <1>   .pos.y db 36
   631 000008E8 01                  <1>   .vel.vx db 1
   632 000008E9 FF                  <1>   .vel.vy db -1
   633 000008EA 00                  <1>   .frame db 0
   634 000008EB 04                  <1>   .frames db 4
   635 000008EC C0                  <1>   .framesize db 192
   636 000008ED [7B37]              <1>   .data dw img.stand_1
   637                              <1> 
   638                              <1> walk_left:
   639 000008EF 04                  <1>   .size.w db 4
   640 000008F0 04                  <1>   .size.h db 4
   641 000008F1 1F                  <1>   .pos.x db 31
   642 000008F2 13                  <1>   .pos.y db 19
   643 000008F3 01                  <1>   .vel.vx db 1
   644 000008F4 01                  <1>   .vel.vy db 1
   645 000008F5 00                  <1>   .frame db 0
   646 000008F6 04                  <1>   .frames db 4
   647 000008F7 C0                  <1>   .framesize db 192
   648 000008F8 [7B31]              <1>   .data dw img.walk_left_1
   649                              <1> 
   650                              <1> walk_right:
   651 000008FA 04                  <1>   .size.w db 4
   652 000008FB 04                  <1>   .size.h db 4
   653 000008FC 1D                  <1>   .pos.x db 29
   654 000008FD 0D                  <1>   .pos.y db 13
   655 000008FE 01                  <1>   .vel.vx db 1
   656 000008FF FF                  <1>   .vel.vy db -1
   657 00000900 00                  <1>   .frame db 0
   658 00000901 04                  <1>   .frames db 4
   659 00000902 C0                  <1>   .framesize db 192
   660 00000903 [7B34]              <1>   .data dw img.walk_right_1
   661                              <1> 
   662                              <1> flower:
   663 00000905 04                  <1>   .size.w db 4
   664 00000906 04                  <1>   .size.h db 4
   665 00000907 3C                  <1>   .pos.x db 60
   666 00000908 22                  <1>   .pos.y db 34
   667 00000909 01                  <1>   .vel.vx db 1
   668 0000090A 01                  <1>   .vel.vy db 1
   669 0000090B 00                  <1>   .frame db 0
   670 0000090C 04                  <1>   .frames db 4
   671 0000090D C0                  <1>   .framesize db 192
   672 0000090E [7B40]              <1>   .data dw img.flower_1
   673                              <1> 
   674                              <1> explode:
   675 00000910 04                  <1>   .size.w db 4
   676 00000911 04                  <1>   .size.h db 4
   677 00000912 2F                  <1>   .pos.x db 47
   678 00000913 0B                  <1>   .pos.y db 11
   679 00000914 01                  <1>   .vel.vx db 1
   680 00000915 01                  <1>   .vel.vy db 1
   681 00000916 00                  <1>   .frame db 0
   682 00000917 04                  <1>   .frames db 4
   683 00000918 C0                  <1>   .framesize db 192
   684 00000919 [7B43]              <1>   .data dw img.explode_1
   685                              <1> 
   686                              <1> creep:
   687 0000091B 04                  <1>   .size.w db 4
   688 0000091C 04                  <1>   .size.h db 4
   689 0000091D 32                  <1>   .pos.x db 50
   690 0000091E 15                  <1>   .pos.y db 21
   691 0000091F FF                  <1>   .vel.vx db -1
   692 00000920 FF                  <1>   .vel.vy db -1
   693 00000921 00                  <1>   .frame db 0
   694 00000922 04                  <1>   .frames db 4
   695 00000923 C0                  <1>   .framesize db 192
   696 00000924 [7B46]              <1>   .data dw img.creep_1
   697                              <1> 
   698                              <1> bouncer:
   699 00000926 04                  <1>   .size.w db 4
   700 00000927 04                  <1>   .size.h db 4
   701 00000928 27                  <1>   .pos.x db 39
   702 00000929 0E                  <1>   .pos.y db 14
   703 0000092A 01                  <1>   .vel.vx db 1
   704 0000092B 01                  <1>   .vel.vy db 1
   705 0000092C 00                  <1>   .frame db 0
   706 0000092D 04                  <1>   .frames db 4
   707 0000092E C0                  <1>   .framesize db 192
   708 0000092F [7B49]              <1>   .data dw img.bouncer_1
   709                              <1> 
   710                              <1> eye:
   711 00000931 04                  <1>   .size.w db 4
   712 00000932 04                  <1>   .size.h db 4
   713 00000933 16                  <1>   .pos.x db 22
   714 00000934 09                  <1>   .pos.y db 9
   715 00000935 FF                  <1>   .vel.vx db -1
   716 00000936 01                  <1>   .vel.vy db 1
   717 00000937 00                  <1>   .frame db 0
   718 00000938 04                  <1>   .frames db 4
   719 00000939 C0                  <1>   .framesize db 192
   720 0000093A [7B4C]              <1>   .data dw img.eye_1
   721                              <1> 
   722                              <1> smurf_left:
   723 0000093C 04                  <1>   .size.w db 4
   724 0000093D 04                  <1>   .size.h db 4
   725 0000093E 0E                  <1>   .pos.x db 14
   726 0000093F 1C                  <1>   .pos.y db 28
   727 00000940 01                  <1>   .vel.vx db 1
   728 00000941 01                  <1>   .vel.vy db 1
   729 00000942 00                  <1>   .frame db 0
   730 00000943 02                  <1>   .frames db 2
   731 00000944 C0                  <1>   .framesize db 192
   732 00000945 [7B4F]              <1>   .data dw img.smurf_1
   733                              <1> 
   734                              <1> smurf_right:
   735 00000947 04                  <1>   .size.w db 4
   736 00000948 04                  <1>   .size.h db 4
   737 00000949 3D                  <1>   .pos.x db 61
   738 0000094A 0F                  <1>   .pos.y db 15
   739 0000094B 01                  <1>   .vel.vx db 1
   740 0000094C 01                  <1>   .vel.vy db 1
   741 0000094D 00                  <1>   .frame db 0
   742 0000094E 02                  <1>   .frames db 2
   743 0000094F C0                  <1>   .framesize db 192
   744 00000950 [FB50]              <1>   .data dw img.smurf_3
   745                              <1> 
   746                              <1> ghost:
   747 00000952 04                  <1>   .size.w db 4
   748 00000953 04                  <1>   .size.h db 4
   749 00000954 2E                  <1>   .pos.x db 46
   750 00000955 1F                  <1>   .pos.y db 31
   751 00000956 FF                  <1>   .vel.vx db -1
   752 00000957 01                  <1>   .vel.vy db 1
   753 00000958 00                  <1>   .frame db 0
   754 00000959 04                  <1>   .frames db 4
   755 0000095A C0                  <1>   .framesize db 192
   756 0000095B [7B52]              <1>   .data dw img.ghost_1
   757                              <1> 
   758                              <1> lobster_right:
   759 0000095D 04                  <1>   .size.w db 4
   760 0000095E 04                  <1>   .size.h db 4
   761 0000095F 23                  <1>   .pos.x db 35
   762 00000960 28                  <1>   .pos.y db 40
   763 00000961 01                  <1>   .vel.vx db 1
   764 00000962 01                  <1>   .vel.vy db 1
   765 00000963 00                  <1>   .frame db 0
   766 00000964 02                  <1>   .frames db 2
   767 00000965 C0                  <1>   .framesize db 192
   768 00000966 [FB56]              <1>   .data dw img.lobster_3
   769                              <1> 
   770                              <1> lobster_left:
   771 00000968 04                  <1>   .size.w db 4
   772 00000969 04                  <1>   .size.h db 4
   773 0000096A 09                  <1>   .pos.x db 9
   774 0000096B 0C                  <1>   .pos.y db 12
   775 0000096C FF                  <1>   .vel.vx db -1
   776 0000096D 01                  <1>   .vel.vy db 1
   777 0000096E 00                  <1>   .frame db 0
   778 0000096F 02                  <1>   .frames db 2
   779 00000970 C0                  <1>   .framesize db 192
   780 00000971 [7B55]              <1>   .data dw img.lobster_1
   781                              <1> 
   782                              <1> keylock:
   783 00000973 04                  <1>   .size.w db 4
   784 00000974 04                  <1>   .size.h db 4
   785 00000975 11                  <1>   .pos.x db 17
   786 00000976 19                  <1>   .pos.y db 25
   787 00000977 01                  <1>   .vel.vx db 1
   788 00000978 FF                  <1>   .vel.vy db -1
   789 00000979 00                  <1>   .frame db 0
   790 0000097A 01                  <1>   .frames db 1
   791 0000097B C0                  <1>   .framesize db 192
   792 0000097C [7B0A]              <1>   .data dw img.keylock
   793                              <1> 
   794                              <1> key:
   795 0000097E 04                  <1>   .size.w db 4
   796 0000097F 04                  <1>   .size.h db 4
   797 00000980 1B                  <1>   .pos.x db 27
   798 00000981 25                  <1>   .pos.y db 37
   799 00000982 01                  <1>   .vel.vx db 1
   800 00000983 01                  <1>   .vel.vy db 1
   801 00000984 00                  <1>   .frame db 0
   802 00000985 01                  <1>   .frames db 1
   803 00000986 C0                  <1>   .framesize db 192
   804 00000987 [3B0B]              <1>   .data dw img.key
   805                              <1> 
   806                              <1> owl:
   807 00000989 04                  <1>   .size.w db 4
   808 0000098A 04                  <1>   .size.h db 4
   809 0000098B 1F                  <1>   .pos.x db 31
   810 0000098C 05                  <1>   .pos.y db 5
   811 0000098D 01                  <1>   .vel.vx db 1
   812 0000098E 01                  <1>   .vel.vy db 1
   813 0000098F 00                  <1>   .frame db 0
   814 00000990 01                  <1>   .frames db 1
   815 00000991 C0                  <1>   .framesize db 192
   816 00000992 [FB0B]              <1>   .data dw img.owl
   817                              <1> 
   818                              <1> crown:
   819 00000994 04                  <1>   .size.w db 4
   820 00000995 04                  <1>   .size.h db 4
   821 00000996 28                  <1>   .pos.x db 40
   822 00000997 12                  <1>   .pos.y db 18
   823 00000998 FF                  <1>   .vel.vx db -1
   824 00000999 01                  <1>   .vel.vy db 1
   825 0000099A 00                  <1>   .frame db 0
   826 0000099B 01                  <1>   .frames db 1
   827 0000099C C0                  <1>   .framesize db 192
   828 0000099D [BB0C]              <1>   .data dw img.crown
   829                              <1> 
   830                              <1> goblet:
   831 0000099F 04                  <1>   .size.w db 4
   832 000009A0 04                  <1>   .size.h db 4
   833 000009A1 0D                  <1>   .pos.x db 13
   834 000009A2 27                  <1>   .pos.y db 39
   835 000009A3 01                  <1>   .vel.vx db 1
   836 000009A4 FF                  <1>   .vel.vy db -1
   837 000009A5 00                  <1>   .frame db 0
   838 000009A6 01                  <1>   .frames db 1
   839 000009A7 C0                  <1>   .framesize db 192
   840 000009A8 [7B0D]              <1>   .data dw img.goblet
   841                              <1> 
   842                              <1> ring:
   843 000009AA 04                  <1>   .size.w db 4
   844 000009AB 04                  <1>   .size.h db 4
   845 000009AC 08                  <1>   .pos.x db 8
   846 000009AD 14                  <1>   .pos.y db 20
   847 000009AE 01                  <1>   .vel.vx db 1
   848 000009AF 01                  <1>   .vel.vy db 1
   849 000009B0 00                  <1>   .frame db 0
   850 000009B1 01                  <1>   .frames db 1
   851 000009B2 C0                  <1>   .framesize db 192
   852 000009B3 [3B0E]              <1>   .data dw img.ring
   853                              <1> 
   854                              <1> globe:
   855 000009B5 04                  <1>   .size.w db 4
   856 000009B6 04                  <1>   .size.h db 4
   857 000009B7 05                  <1>   .pos.x db 5
   858 000009B8 23                  <1>   .pos.y db 35
   859 000009B9 01                  <1>   .vel.vx db 1
   860 000009BA 01                  <1>   .vel.vy db 1
   861 000009BB 00                  <1>   .frame db 0
   862 000009BC 01                  <1>   .frames db 1
   863 000009BD C0                  <1>   .framesize db 192
   864 000009BE [FB0E]              <1>   .data dw img.globe
   865                              <1> 
   866                              <1> feather:
   867 000009C0 04                  <1>   .size.w db 4
   868 000009C1 04                  <1>   .size.h db 4
   869 000009C2 20                  <1>   .pos.x db 32
   870 000009C3 08                  <1>   .pos.y db 8
   871 000009C4 FF                  <1>   .vel.vx db -1
   872 000009C5 01                  <1>   .vel.vy db 1
   873 000009C6 00                  <1>   .frame db 0
   874 000009C7 01                  <1>   .frames db 1
   875 000009C8 C0                  <1>   .framesize db 192
   876 000009C9 [BB0F]              <1>   .data dw img.feather
   877                              <1> 
   878                              <1> totum:
   879 000009CB 04                  <1>   .size.w db 4
   880 000009CC 04                  <1>   .size.h db 4
   881 000009CD 19                  <1>   .pos.x db 25
   882 000009CE 0D                  <1>   .pos.y db 13
   883 000009CF 01                  <1>   .vel.vx db 1
   884 000009D0 01                  <1>   .vel.vy db 1
   885 000009D1 00                  <1>   .frame db 0
   886 000009D2 01                  <1>   .frames db 1
   887 000009D3 C0                  <1>   .framesize db 192
   888 000009D4 [7B10]              <1>   .data dw img.totum
   889                              <1> 
   890                              <1> building:
   891 000009D6 04                  <1>   .size.w db 4
   892 000009D7 04                  <1>   .size.h db 4
   893 000009D8 12                  <1>   .pos.x db 18
   894 000009D9 1E                  <1>   .pos.y db 30
   895 000009DA 01                  <1>   .vel.vx db 1
   896 000009DB 01                  <1>   .vel.vy db 1
   897 000009DC 00                  <1>   .frame db 0
   898 000009DD 01                  <1>   .frames db 1
   899 000009DE C0                  <1>   .framesize db 192
   900 000009DF [FB11]              <1>   .data dw img.building
   901                              <1> 
   902                              <1> mirror:
   903 000009E1 04                  <1>   .size.w db 4
   904 000009E2 04                  <1>   .size.h db 4
   905 000009E3 0C                  <1>   .pos.x db 12
   906 000009E4 1D                  <1>   .pos.y db 29
   907 000009E5 01                  <1>   .vel.vx db 1
   908 000009E6 FF                  <1>   .vel.vy db -1
   909 000009E7 00                  <1>   .frame db 0
   910 000009E8 01                  <1>   .frames db 1
   911 000009E9 C0                  <1>   .framesize db 192
   912 000009EA [BB12]              <1>   .data dw img.mirror
   913                              <1> 
   914                              <1> harp:
   915 000009EC 04                  <1>   .size.w db 4
   916 000009ED 04                  <1>   .size.h db 4
   917 000009EE 24                  <1>   .pos.x db 36
   918 000009EF 1B                  <1>   .pos.y db 27
   919 000009F0 01                  <1>   .vel.vx db 1
   920 000009F1 01                  <1>   .vel.vy db 1
   921 000009F2 00                  <1>   .frame db 0
   922 000009F3 01                  <1>   .frames db 1
   923 000009F4 C0                  <1>   .framesize db 192
   924 000009F5 [7B13]              <1>   .data dw img.harp
   925                              <1> 
   926                              <1> nar:
   927 000009F7 04                  <1>   .size.w db 4
   928 000009F8 04                  <1>   .size.h db 4
   929 000009F9 18                  <1>   .pos.x db 24
   930 000009FA 1F                  <1>   .pos.y db 31
   931 000009FB 01                  <1>   .vel.vx db 1
   932 000009FC 01                  <1>   .vel.vy db 1
   933 000009FD 00                  <1>   .frame db 0
   934 000009FE 01                  <1>   .frames db 1
   935 000009FF C0                  <1>   .framesize db 192
   936 00000A00 [7B13]              <1>   .data dw img.harp
   937                              <1> 
   938                              <1> computer:
   939 00000A02 04                  <1>   .size.w db 4
   940 00000A03 04                  <1>   .size.h db 4
   941 00000A04 07                  <1>   .pos.x db 7
   942 00000A05 28                  <1>   .pos.y db 40
   943 00000A06 FF                  <1>   .vel.vx db -1
   944 00000A07 01                  <1>   .vel.vy db 1
   945 00000A08 00                  <1>   .frame db 0
   946 00000A09 01                  <1>   .frames db 1
   947 00000A0A C0                  <1>   .framesize db 192
   948 00000A0B [FB14]              <1>   .data dw img.computer
   949                              <1> 
   950                              <1> way_down:
   951 00000A0D 04                  <1>   .size.w db 4
   952 00000A0E 04                  <1>   .size.h db 4
   953 00000A0F 2C                  <1>   .pos.x db 44
   954 00000A10 09                  <1>   .pos.y db 9
   955 00000A11 FF                  <1>   .vel.vx db -1
   956 00000A12 FF                  <1>   .vel.vy db -1
   957 00000A13 00                  <1>   .frame db 0
   958 00000A14 01                  <1>   .frames db 1
   959 00000A15 C0                  <1>   .framesize db 192
   960 00000A16 [BB15]              <1>   .data dw img.way_down
   961                              <1> 
   962                              <1> way_left:
   963 00000A18 04                  <1>   .size.w db 4
   964 00000A19 04                  <1>   .size.h db 4
   965 00000A1A 23                  <1>   .pos.x db 35
   966 00000A1B 1A                  <1>   .pos.y db 26
   967 00000A1C 01                  <1>   .vel.vx db 1
   968 00000A1D 01                  <1>   .vel.vy db 1
   969 00000A1E 00                  <1>   .frame db 0
   970 00000A1F 01                  <1>   .frames db 1
   971 00000A20 C0                  <1>   .framesize db 192
   972 00000A21 [7B16]              <1>   .data dw img.way_left
   973                              <1> 
   974                              <1> way_up:
   975 00000A23 04                  <1>   .size.w db 4
   976 00000A24 04                  <1>   .size.h db 4
   977 00000A25 16                  <1>   .pos.x db 22
   978 00000A26 1E                  <1>   .pos.y db 30
   979 00000A27 01                  <1>   .vel.vx db 1
   980 00000A28 01                  <1>   .vel.vy db 1
   981 00000A29 00                  <1>   .frame db 0
   982 00000A2A 01                  <1>   .frames db 1
   983 00000A2B C0                  <1>   .framesize db 192
   984 00000A2C [3B17]              <1>   .data dw img.way_up
   985                              <1> 
   986                              <1> way_right:
   987 00000A2E 04                  <1>   .size.w db 4
   988 00000A2F 04                  <1>   .size.h db 4
   989 00000A30 09                  <1>   .pos.x db 9
   990 00000A31 19                  <1>   .pos.y db 25
   991 00000A32 FF                  <1>   .vel.vx db -1
   992 00000A33 01                  <1>   .vel.vy db 1
   993 00000A34 00                  <1>   .frame db 0
   994 00000A35 01                  <1>   .frames db 1
   995 00000A36 C0                  <1>   .framesize db 192
   996 00000A37 [FB17]              <1>   .data dw img.way_right
   997                              <1> 
   998                              <1> pinkbox:
   999 00000A39 04                  <1>   .size.w db 4
  1000 00000A3A 04                  <1>   .size.h db 4
  1001 00000A3B 10                  <1>   .pos.x db 16
  1002 00000A3C 0D                  <1>   .pos.y db 13
  1003 00000A3D 00                  <1>   .vel.vx db 0
  1004 00000A3E 00                  <1>   .vel.vy db 0
  1005 00000A3F 00                  <1>   .frame db 0
  1006 00000A40 01                  <1>   .frames db 1
  1007 00000A41 C0                  <1>   .framesize db 192
  1008 00000A42 [BB18]              <1>   .data dw img.pinkbox
  1009                              <1> 
  1010                              <1> box:
  1011 00000A44 04                  <1>   .size.w db 4
  1012 00000A45 04                  <1>   .size.h db 4
  1013 00000A46 17                  <1>   .pos.x db 23
  1014 00000A47 10                  <1>   .pos.y db 16
  1015 00000A48 01                  <1>   .vel.vx db 1
  1016 00000A49 01                  <1>   .vel.vy db 1
  1017 00000A4A 00                  <1>   .frame db 0
  1018 00000A4B 01                  <1>   .frames db 1
  1019 00000A4C C0                  <1>   .framesize db 192
  1020 00000A4D [FB1D]              <1>   .data dw img.box
  1021                              <1> 
  1022                              <1> vbar:
  1023 00000A4F 04                  <1>   .size.w db 4
  1024 00000A50 04                  <1>   .size.h db 4
  1025 00000A51 0B                  <1>   .pos.x db 11
  1026 00000A52 1C                  <1>   .pos.y db 28
  1027 00000A53 01                  <1>   .vel.vx db 1
  1028 00000A54 01                  <1>   .vel.vy db 1
  1029 00000A55 00                  <1>   .frame db 0
  1030 00000A56 01                  <1>   .frames db 1
  1031 00000A57 C0                  <1>   .framesize db 192
  1032 00000A58 [BB1E]              <1>   .data dw img.vbar
  1033                              <1> 
  1034                              <1> hbar:
  1035 00000A5A 04                  <1>   .size.w db 4
  1036 00000A5B 04                  <1>   .size.h db 4
  1037 00000A5C 1E                  <1>   .pos.x db 30
  1038 00000A5D 08                  <1>   .pos.y db 8
  1039 00000A5E FF                  <1>   .vel.vx db -1
  1040 00000A5F FF                  <1>   .vel.vy db -1
  1041 00000A60 00                  <1>   .frame db 0
  1042 00000A61 01                  <1>   .frames db 1
  1043 00000A62 C0                  <1>   .framesize db 192
  1044 00000A63 [7B1F]              <1>   .data dw img.hbar
  1045                              <1> 
  1046                              <1> question:
  1047 00000A65 04                  <1>   .size.w db 4
  1048 00000A66 04                  <1>   .size.h db 4
  1049 00000A67 08                  <1>   .pos.x db 8
  1050 00000A68 24                  <1>   .pos.y db 36
  1051 00000A69 01                  <1>   .vel.vx db 1
  1052 00000A6A 01                  <1>   .vel.vy db 1
  1053 00000A6B 00                  <1>   .frame db 0
  1054 00000A6C 01                  <1>   .frames db 1
  1055 00000A6D C0                  <1>   .framesize db 192
  1056 00000A6E [BB2A]              <1>   .data dw img.question
  1057                              <1> 
  1058                              <1> house1:
  1059 00000A70 04                  <1>   .size.w db 4
  1060 00000A71 04                  <1>   .size.h db 4
  1061 00000A72 12                  <1>   .pos.x db 18
  1062 00000A73 0F                  <1>   .pos.y db 15
  1063 00000A74 01                  <1>   .vel.vx db 1
  1064 00000A75 01                  <1>   .vel.vy db 1
  1065 00000A76 00                  <1>   .frame db 0
  1066 00000A77 01                  <1>   .frames db 1
  1067 00000A78 C0                  <1>   .framesize db 192
  1068 00000A79 [FB29]              <1>   .data dw img.house1
  1069                              <1> 
  1070                              <1> 
  1071                              <1> 
  1072                              <1> greenwall_1:
  1073                              <1> 
  1074                              <1> greenwall_2:
  1075                              <1> 
  1076                              <1> greenwall_3:
  1077                              <1> 
  1078                              <1> redwall_1:
  1079                              <1> 
  1080                              <1> redwall_2:
  1081                              <1> 
  1082                              <1> redwall_3:
  1083                              <1> 
  1084                              <1> treetop_1:
  1085                              <1> 
  1086                              <1> treetop_2:
  1087                              <1> 
  1088                              <1> treetop_3:
  1089                              <1> 
  1090                              <1> treething:
  1091                              <1> 
  1092                              <1> treetop_a:
  1093                              <1> 
  1094                              <1> treetop_b:
  1095                              <1> 
  1096                              <1> treeroot_a:
  1097                              <1> 
  1098                              <1> treeroot_b:
  1099                              <1> 
  1100                              <1> cactus_top:
  1101                              <1> 
  1102                              <1> cactus_bottom:
  1103                              <1> 
  1104                              <1> roof_1:
  1105                              <1> 
  1106                              <1> roof_2:
  1107                              <1> 
  1108                              <1> roof_3:
  1109                              <1> 
  1110                              <1> 
  1111                              <1> 
  1112                              <1> img:
  1113 00000A7B <bin C0h>           <1>   .keylock incbin "data/sprites/keylock.bin"
  1114 00000B3B <bin C0h>           <1>   .key incbin "data/sprites/key.bin"
  1115 00000BFB <bin C0h>           <1>   .owl incbin "data/sprites/owl.bin"
  1116 00000CBB <bin C0h>           <1>   .crown incbin "data/sprites/crown.bin"
  1117 00000D7B <bin C0h>           <1>   .goblet incbin "data/sprites/goblet.bin"
  1118 00000E3B <bin C0h>           <1>   .ring incbin "data/sprites/ring.bin"
  1119 00000EFB <bin C0h>           <1>   .globe incbin "data/sprites/globe.bin"
  1120 00000FBB <bin C0h>           <1>   .feather incbin "data/sprites/feather.bin"
  1121 0000107B <bin C0h>           <1>   .totum incbin "data/sprites/totum.bin"
  1122 0000113B <bin C0h>           <1>   .scroll incbin "data/sprites/scroll.bin"
  1123 000011FB <bin C0h>           <1>   .building incbin "data/sprites/building.bin"
  1124 000012BB <bin C0h>           <1>   .mirror incbin "data/sprites/mirror.bin"
  1125 0000137B <bin C0h>           <1>   .harp incbin "data/sprites/harp.bin"
  1126 0000143B <bin C0h>           <1>   .nar incbin "data/sprites/nar.bin"
  1127 000014FB <bin C0h>           <1>   .computer incbin "data/sprites/computer.bin"
  1128 000015BB <bin C0h>           <1>   .way_down incbin "data/sprites/way_down.bin"
  1129 0000167B <bin C0h>           <1>   .way_left incbin "data/sprites/way_left.bin"
  1130 0000173B <bin C0h>           <1>   .way_up incbin "data/sprites/way_up.bin"
  1131 000017FB <bin C0h>           <1>   .way_right incbin "data/sprites/way_right.bin"
  1132 000018BB <bin C0h>           <1>   .pinkbox incbin "data/sprites/pinkbox.bin"
  1133 0000197B <bin C0h>           <1>   .greenwall_1 incbin "data/sprites/greenwall_1.bin"
  1134 00001A3B <bin C0h>           <1>   .greenwall_2 incbin "data/sprites/greenwall_2.bin"
  1135 00001AFB <bin C0h>           <1>   .greenwall_3 incbin "data/sprites/greenwall_3.bin"
  1136 00001BBB <bin C0h>           <1>   .redwall_1 incbin "data/sprites/redwall_1.bin"
  1137 00001C7B <bin C0h>           <1>   .redwall_2 incbin "data/sprites/redwall_2.bin"
  1138 00001D3B <bin C0h>           <1>   .redwall_3 incbin "data/sprites/redwall_3.bin"
  1139 00001DFB <bin C0h>           <1>   .box incbin "data/sprites/box.bin"
  1140 00001EBB <bin C0h>           <1>   .vbar incbin "data/sprites/vbar.bin"
  1141 00001F7B <bin C0h>           <1>   .hbar incbin "data/sprites/hbar.bin"
  1142 0000203B <bin C0h>           <1>   .treetop_1 incbin "data/sprites/treetop_1.bin"
  1143 000020FB <bin C0h>           <1>   .treetop_2 incbin "data/sprites/treetop_2.bin"
  1144 000021BB <bin C0h>           <1>   .treetop_3 incbin "data/sprites/treetop_3.bin"
  1145 0000227B <bin C0h>           <1>   .treething incbin "data/sprites/treething.bin"
  1146 0000233B <bin C0h>           <1>   .treetop_a incbin "data/sprites/treetop_a.bin"
  1147 000023FB <bin C0h>           <1>   .treetop_b incbin "data/sprites/treetop_b.bin"
  1148 000024BB <bin C0h>           <1>   .treeroot_a incbin "data/sprites/treeroot_a.bin"
  1149 0000257B <bin C0h>           <1>   .treeroot_b incbin "data/sprites/treeroot_b.bin"
  1150 0000263B <bin C0h>           <1>   .cactus_top incbin "data/sprites/cactus_top.bin"
  1151 000026FB <bin C0h>           <1>   .cactus_bottom incbin "data/sprites/cactus_bottom.bin"
  1152 000027BB <bin C0h>           <1>   .roof_1 incbin "data/sprites/roof_1.bin"
  1153 0000287B <bin C0h>           <1>   .roof_2 incbin "data/sprites/roof_2.bin"
  1154 0000293B <bin C0h>           <1>   .roof_3 incbin "data/sprites/roof_3.bin"
  1155 000029FB <bin C0h>           <1>   .house1 incbin "data/sprites/house1.bin"
  1156 00002ABB <bin C0h>           <1>   .question incbin "data/sprites/question.bin"
  1157 00002B7B <bin C0h>           <1>   .stars_1 incbin "data/sprites/stars_1.bin"
  1158 00002C3B <bin C0h>           <1>   .stars_2 incbin "data/sprites/stars_2.bin"
  1159 00002CFB <bin C0h>           <1>   .stars_3 incbin "data/sprites/stars_3.bin"
  1160 00002DBB <bin C0h>           <1>   .stars_4 incbin "data/sprites/stars_4.bin"
  1161 00002E7B <bin C0h>           <1>   .walk_bw_1 incbin "data/sprites/walk_bw_1.bin"
  1162 00002F3B <bin C0h>           <1>   .walk_bw_2 incbin "data/sprites/walk_bw_2.bin"
  1163 00002FFB <bin C0h>           <1>   .walk_fw_1 incbin "data/sprites/walk_fw_1.bin"
  1164 000030BB <bin C0h>           <1>   .walk_fw_2 incbin "data/sprites/walk_fw_2.bin"
  1165 0000317B <bin C0h>           <1>   .walk_left_1 incbin "data/sprites/walk_left_1.bin"
  1166 0000323B <bin C0h>           <1>   .walk_left_2 incbin "data/sprites/walk_left_2.bin"
  1167 000032FB <bin C0h>           <1>   .walk_left_3 incbin "data/sprites/walk_left_3.bin"
  1168 000033BB <bin C0h>           <1>   .walk_left_4 incbin "data/sprites/walk_left_4.bin"
  1169 0000347B <bin C0h>           <1>   .walk_right_1 incbin "data/sprites/walk_right_1.bin"
  1170 0000353B <bin C0h>           <1>   .walk_right_2 incbin "data/sprites/walk_right_2.bin"
  1171 000035FB <bin C0h>           <1>   .walk_right_3 incbin "data/sprites/walk_right_3.bin"
  1172 000036BB <bin C0h>           <1>   .walk_right_4 incbin "data/sprites/walk_right_4.bin"
  1173 0000377B <bin C0h>           <1>   .stand_1 incbin "data/sprites/stand_1.bin"
  1174 0000383B <bin C0h>           <1>   .stand_2 incbin "data/sprites/stand_2.bin"
  1175 000038FB <bin C0h>           <1>   .stand_3 incbin "data/sprites/stand_3.bin"
  1176 000039BB <bin C0h>           <1>   .stand_4 incbin "data/sprites/stand_4.bin"
  1177 00003A7B <bin C0h>           <1>   .donut_1 incbin "data/sprites/donut_1.bin"
  1178 00003B3B <bin C0h>           <1>   .donut_2 incbin "data/sprites/donut_2.bin"
  1179 00003BFB <bin C0h>           <1>   .donut_3 incbin "data/sprites/donut_3.bin"
  1180 00003CBB <bin C0h>           <1>   .donut_4 incbin "data/sprites/donut_4.bin"
  1181 00003D7B <bin C0h>           <1>   .sqr_ani_1 incbin "data/sprites/sqr_ani_1.bin"
  1182 00003E3B <bin C0h>           <1>   .sqr_ani_2 incbin "data/sprites/sqr_ani_2.bin"
  1183 00003EFB <bin C0h>           <1>   .sqr_ani_3 incbin "data/sprites/sqr_ani_3.bin"
  1184 00003FBB <bin C0h>           <1>   .sqr_ani_4 incbin "data/sprites/sqr_ani_4.bin"
  1185 0000407B <bin C0h>           <1>   .flower_1 incbin "data/sprites/flower_1.bin"
  1186 0000413B <bin C0h>           <1>   .flower_2 incbin "data/sprites/flower_2.bin"
  1187 000041FB <bin C0h>           <1>   .flower_3 incbin "data/sprites/flower_3.bin"
  1188 000042BB <bin C0h>           <1>   .flower_4 incbin "data/sprites/flower_4.bin"
  1189 0000437B <bin C0h>           <1>   .explode_1 incbin "data/sprites/explode_1.bin"
  1190 0000443B <bin C0h>           <1>   .explode_2 incbin "data/sprites/explode_2.bin"
  1191 000044FB <bin C0h>           <1>   .explode_3 incbin "data/sprites/explode_3.bin"
  1192 000045BB <bin C0h>           <1>   .explode_4 incbin "data/sprites/explode_4.bin"
  1193 0000467B <bin C0h>           <1>   .creep_1 incbin "data/sprites/creep_1.bin"
  1194 0000473B <bin C0h>           <1>   .creep_2 incbin "data/sprites/creep_2.bin"
  1195 000047FB <bin C0h>           <1>   .creep_3 incbin "data/sprites/creep_3.bin"
  1196 000048BB <bin C0h>           <1>   .creep_4 incbin "data/sprites/creep_4.bin"
  1197 0000497B <bin C0h>           <1>   .bouncer_1 incbin "data/sprites/bouncer_1.bin"
  1198 00004A3B <bin C0h>           <1>   .bouncer_2 incbin "data/sprites/bouncer_2.bin"
  1199 00004AFB <bin C0h>           <1>   .bouncer_3 incbin "data/sprites/bouncer_3.bin"
  1200 00004BBB <bin C0h>           <1>   .bouncer_4 incbin "data/sprites/bouncer_4.bin"
  1201 00004C7B <bin C0h>           <1>   .eye_1 incbin "data/sprites/eye_1.bin"
  1202 00004D3B <bin C0h>           <1>   .eye_2 incbin "data/sprites/eye_2.bin"
  1203 00004DFB <bin C0h>           <1>   .eye_3 incbin "data/sprites/eye_3.bin"
  1204 00004EBB <bin C0h>           <1>   .eye_4 incbin "data/sprites/eye_4.bin"
  1205 00004F7B <bin C0h>           <1>   .smurf_1 incbin "data/sprites/smurf_1.bin"
  1206 0000503B <bin C0h>           <1>   .smurf_2 incbin "data/sprites/smurf_2.bin"
  1207 000050FB <bin C0h>           <1>   .smurf_3 incbin "data/sprites/smurf_3.bin"
  1208 000051BB <bin C0h>           <1>   .smurf_4 incbin "data/sprites/smurf_4.bin"
  1209                              <1> 
  1210 0000527B <bin C0h>           <1>   .ghost_1 incbin "data/sprites/ghost_1.bin"
  1211 0000533B <bin C0h>           <1>   .ghost_2 incbin "data/sprites/ghost_2.bin"
  1212 000053FB <bin C0h>           <1>   .ghost_3 incbin "data/sprites/ghost_3.bin"
  1213 000054BB <bin C0h>           <1>   .ghost_4 incbin "data/sprites/ghost_4.bin"
  1214                              <1> 
  1215 0000557B <bin C0h>           <1>   .lobster_1 incbin "data/sprites/lobster_1.bin"
  1216 0000563B <bin C0h>           <1>   .lobster_2 incbin "data/sprites/lobster_2.bin"
  1217 000056FB <bin C0h>           <1>   .lobster_3 incbin "data/sprites/lobster_3.bin"
  1218 000057BB <bin C0h>           <1>   .lobster_4 incbin "data/sprites/lobster_4.bin"
  1219                              <1> 
    43                                  
    44 0000587B 00<rep 27785h>          times (180*1024)-($-$$) db 0
    45                                  
