     1                                  ; RED   equ 0xf000
     2                                  ; GREEN equ 0x800 ; 1c00 ; 0x1c00
     3                                  ; BLUE  equ 0xf400
     4                                  ; COLS  equ 72
     5                                  ; ROWS  equ 50
     6                                  STEP equ 4608
     7                                  ; NUM equ COLS*4*ROWS
     8                                  
     9                                  COLS equ 72
    10                                  ROWS equ 50
    11                                  GREEN equ 0x1c00
    12                                  
    13                                  setup:
    14 00000000 B8001C                    mov ax,GREEN
    15 00000003 8EC0                      mov es,ax
    16                                  
    17 00000005 B005                      mov al,5
    18 00000007 E610                      out 0x10,al    ; 0x1c00
    19                                  
    20 00000009 31FF                      xor di,di
    21                                  
    22 0000000B 0E                      push cs
    23 0000000C 1F                      pop ds
    24                                  
    25 0000000D 31C0                    xor ax,ax
    26 0000000F 31ED                    xor bp,bp
    27                                  
    28                                  ; mov cx,3600
    29                                  draw:
    30                                  
    31 00000011 89E8                      mov ax,bp
    32 00000013 45                        inc bp
    33                                  
    34 00000014 83E003                    and ax,3
    35                                  
    36 00000017 D1E0                      shl ax,1
    37 00000019 D1E0                      shl ax,1
    38                                    ; inc cl
    39                                    ; shr al,cl
    40 0000001B BE[2D00]                  mov si,dash
    41 0000001E 01C6                      add si,ax
    42 00000020 A5                        movsw
    43 00000021 A5                        movsw
    44                                    ; loop draw
    45 00000022 81FF4038                  cmp di,14400
    46 00000026 7CE9                      jl draw
    47 00000028 31FF                      xor di,di
    48 0000002A EBE5                      jmp draw
    49                                  
    50 0000002C F4                      hlt
    51                                  
    52                                  dash: 
    53 0000002D 030C30C0                db 3,12,48,192
    54 00000031 C0300C03                db 192,48,12,3
    55                                  
    56                                  circle:
    57 00000035 07384080                db 7,56,64,128
    58 00000039 80403807                db 128,64,56,7
    59 0000003D E01C0201                db 128+64+32,16+8+4,2,1
    60 00000041 01021CE0                db 1,2,16+8+4,128+64+32
    61                                  
    62                                  ; block:
    63                                  ; db 255,128,128,131
    64                                  ; db 255,1,1,193
    65                                  ; db 131,128,128,255
    66                                  ; db 193,1,1,255
    67                                  ; db 255,255,240,240
    68                                  ; db 255,255,0,0
    69                                  ; db 0,0,255,255
    70                                  ; db 15,15,255,255
    71                                  
    72                                  
    73                                  ; 60,255,255,60,60,195,195,60,195,0,0,195,195,60,60,195
    74                                  
    75                                  ; stc
    76                                  ; pushf
    77                                  ; .lp1:
    78                                  ; ; mov si,data
    79                                  ; ; mov al,3
    80                                  ; stosb
    81                                  ; ; popf
    82                                  ; rcl al,1
    83                                  ; rcl al,1
    84                                  ; ; pushf
    85                                  ; loop .lp1
    86                                  
    87                                  ; mov si,data
    88                                  ; movsw
    89                                  ; movsw
    90                                  ; add di,COLS*4-8
    91                                  ; mov si,data
    92                                  ; movsw
    93                                  ; movsw
    94                                  ; mov si,data
    95                                  ; movsw
    96                                  ; movsw
    97                                  
    98                                  ;   hlt
    99                                  
   100                                  
   101                                  ;   pushf
   102                                  ; .lp:
   103                                  ;   stosb
   104                                  ;   popf
   105                                  ;   rcl al,1
   106                                  ;   rcl al,1
   107                                  ;   ; rcl al,1
   108                                  ;   ; rcl al,1
   109                                  
   110                                  
   111                                  ;   ; rcr al,1
   112                                  ;   ; rcr al,1
   113                                  
   114                                  
   115                                  ;   pushf
   116                                  ;   cmp di,14400
   117                                  ;   jb .lp
   118                                  
   119                                  ;   ; and di,4095
   120                                  ;   xor di,di
   121                                  ;   ; mov di,0
   122                                  ;     ; mov al,3
   123                                  
   124                                  ;   jmp .lp
   125                                  
   126                                  ; hlt
   127                                  
   128                                  ; toggle_dir:
   129                                  ;   times 4 db 0xd0
   130                                  ;   ret
   131                                  
   132                                  
   133                                  ; 00000011
   134                                  ; 00001100
   135                                  ; 00110000
   136                                  ; 11000000
   137                                  
   138                                  
   139                                  ;   push cs
   140                                  ;   pop ds
   141                                  
   142                                  ; cmc
   143                                  ; les  bp,[bx] ; es di ffff:ffff
   144                                  ; ; lea  di,[bx] ; es di ffff:0210
   145                                  
   146                                  ; looping:
   147                                  ;         ;do stuff here
   148                                  ;         inc     bx ;if decrementing instead, parity check must be reversed
   149                                  ;         jpo     looping
   150                                  
   151                                  
   152                                  ; ; hlt
   153                                  
   154                                  ;   mov al,5
   155                                  ;   out 0x10,al    ; 1c00
   156                                  ;   mov al, 0x34
   157                                  ;   out 0x26, al
   158                                  ;   mov al, ticks & 0xff
   159                                  ;   out 0x20, al        ; lobyte
   160                                  ;   mov al, ticks >> 8
   161                                  ;   out 0x20, al        ; hibyte
   162                                  
   163                                  ;   mov ax,BLUE
   164                                  ;   mov es,ax
   165                                  ;   mov di,0
   166                                   
   167                                  ;   xor ax,ax
   168                                  
   169                                  ; draw:
   170                                  ;   mov al,[es:bp+0xc000]
   171                                  ;   inc bp
   172                                  ;   ; in al,0x20
   173                                  ;   ; push ds
   174                                  ;   ; mov ax,0xFF00
   175                                  ;   ; mov ds,ax
   176                                  ;   ; mov si,di
   177                                  ;   ; lodsb
   178                                  ;   ; pop ds
   179                                  ;   and al,1
   180                                  ;   shl al,1
   181                                  ;   shl al,1
   182                                    
   183                                  
   184                                  ;   mov si,data
   185                                  ;   add si,ax
   186                                  
   187                                  ;   movsw
   188                                  ;   movsw
   189                                  
   190                                  ;   ; add di,STEP
   191                                  ;   cmp di,NUM
   192                                  ;   jb draw
   193                                  ;   ; sub di,NUM
   194                                  ;   ; jmp draw
   195                                  ;   .hlt jmp .hlt
   196                                  
   197                                  clear_green:
   198 00000045 B8001C                    mov ax,GREEN
   199                                  
   200                                  clear_channel:
   201 00000048 8EC0                      mov es,ax
   202 0000004A B94038                    mov cx,COLS*4*ROWS
   203 0000004D 31FF                      xor di,di
   204 0000004F 31C0                      xor ax,ax
   205 00000051 F3AB                      rep stosw         ; clear screen
   206 00000053 C3                        ret
   207                                  
   208                                  
   209                                  
   210                                  %assign num $-$$
   211                                  %warning total num
   211          ******************       warning: total 84 [-w+user]
   212 00000054 00<rep 2CFACh>          times (180*1024)-num db 0
   213                                  
   214                                  
   215                                  
