     1                                  ; %include "sanyo.asm"
     2                                  RED   equ 0xf000
     3                                  GREEN equ 0x1c00
     4                                  BLUE  equ 0xf400
     5                                  COLS  equ 72
     6                                  ROWS  equ 50
     7                                  
     8 00000000 E99B00                  jmp setup
     9                                  
    10                                  fill_red:
    11 00000003 BB00F0                    mov bx,RED
    12 00000006 E80F00                    call fill_channel
    13 00000009 C3                        ret
    14                                  fill_green:
    15 0000000A BB001C                    mov bx,GREEN
    16 0000000D E80800                    call fill_channel
    17 00000010 C3                        ret
    18                                  fill_blue:
    19 00000011 BB00F4                    mov bx,BLUE
    20 00000014 E80100                    call fill_channel
    21 00000017 C3                        ret
    22                                  
    23                                  fill_channel: ;ax=pattern
    24 00000018 8EC3                      mov es,bx
    25 0000001A B9201C                    mov cx,COLS*ROWS*2
    26 0000001D 31FF                      xor di,di
    27 0000001F F3AB                      rep stosw
    28 00000021 C3                        ret
    29                                  
    30                                  fill_white:
    31 00000022 B8FFFF                    mov ax,0xffff
    32 00000025 E8DBFF                    call fill_red
    33 00000028 E8DFFF                    call fill_green
    34 0000002B E8E3FF                    call fill_blue
    35 0000002E C3                        ret
    36                                  
    37                                  fill_pink:
    38 0000002F B8FFFF                    mov ax,0xffff
    39 00000032 E8CEFF                    call fill_red
    40 00000035 B455                      mov ah,0b01010101
    41 00000037 B0AA                      mov al,0b10101010
    42 00000039 E8CEFF                    call fill_green
    43 0000003C E8D2FF                    call fill_blue
    44 0000003F C3                        ret
    45                                  
    46                                  fill_pink2:
    47 00000040 B8FFFF                    mov ax,0xffff
    48 00000043 E8BDFF                    call fill_red
    49 00000046 B4CC                      mov ah,0b11001100
    50 00000048 B033                      mov al,0b00110011
    51 0000004A E8BDFF                    call fill_green
    52 0000004D E8C1FF                    call fill_blue
    53 00000050 C3                        ret
    54                                  
    55                                  fill_pink3:
    56 00000051 B8FFFF                    mov ax,0xffff
    57 00000054 E8ACFF                    call fill_red
    58 00000057 B411                      mov ah,0b00010001
    59 00000059 B044                      mov al,0b01000100
    60 0000005B E8ACFF                    call fill_green
    61 0000005E E8B0FF                    call fill_blue
    62 00000061 C3                        ret
    63                                  
    64                                  fill_pink4:
    65 00000062 B8FFFF                    mov ax,0xffff
    66 00000065 E89BFF                    call fill_red
    67 00000068 B4F7                      mov ah,0b11110111
    68 0000006A B07F                      mov al,0b01111111
    69 0000006C E89BFF                    call fill_green
    70 0000006F E89FFF                    call fill_blue
    71 00000072 C3                        ret
    72                                  
    73                                  clear_red:
    74 00000073 B800F0                    mov ax,RED
    75 00000076 E81900                    call clear_channel
    76 00000079 C3                        ret
    77                                  
    78                                  clear_green:
    79 0000007A B8001C                    mov ax,GREEN
    80 0000007D E81200                    call clear_channel
    81 00000080 C3                        ret
    82                                  
    83                                  clear_blue:
    84 00000081 B800F4                    mov ax,BLUE
    85 00000084 E80B00                    call clear_channel
    86 00000087 C3                        ret
    87                                  
    88                                  clear_screen:
    89 00000088 E8E8FF                    call clear_red
    90 0000008B E8ECFF                    call clear_green
    91 0000008E E8F0FF                    call clear_blue
    92 00000091 C3                        ret
    93                                  
    94                                  clear_channel:
    95 00000092 8EC0                      mov es,ax
    96 00000094 B9201C                    mov cx,COLS*ROWS*2
    97 00000097 31FF                      xor di,di
    98 00000099 31C0                      xor ax,ax
    99 0000009B F3AB                      rep stosw         ; clear screen
   100 0000009D C3                        ret
   101                                  
   102                                  setup:
   103 0000009E E8E7FF                    call clear_screen
   104 000000A1 B005                      mov al, 5
   105 000000A3 E610                      out 10h, al           ; select address 0x1c000 as green video page
   106                                  
   107                                    ; call fill_white
   108                                  
   109 000000A5 B8001C                    mov ax,GREEN
   110 000000A8 8EC0                      mov es,ax
   111                                  
   112                                  draw:
   113 000000AA E410                      in al,0x10
   114 000000AC AA                        stosb
   115 000000AD E610                      out 0x10,al
   116                                  
   117 000000AF 81FF4038                  cmp di,ROWS*COLS*4
   118 000000B3 72F5                      jb draw
   119 000000B5 31FF                      xor di,di
   120                                  
   121                                  ;   call fill_pink4
   122                                  
   123                                  ;   mov cx,10000
   124                                  ; .delay: loop .delay
   125                                  
   126                                  ;   call clear_screen
   127                                  
   128                                  ;   mov cx,50000
   129                                  ; .delay2: loop .delay2
   130                                  
   131 000000B7 EBF1                      jmp draw
   132                                  
   133                                    ; mov di,0
   134                                    ; mov si,img
   135                                    ; call draw_spr
   136 000000B9 F4                        hlt
   137                                  
   138                                  ; img: incbin "16colors.png-dithered.spr"
   139                                  
   140 000000BA 00<rep 2CF46h>          times (180*1024)-($-$$) db 0
   141                                  
   142                                  
   143                                  
