     1                                  setup:
     2 00000000 BF0000                    mov di,0
     3 00000003 B800C0                    mov ax,0xc000
     4 00000006 8EC0                      mov es,ax
     5 00000008 B9201C                    mov cx,14400/2
     6 0000000B B85555                    mov ax,0x5555
     7 0000000E F3AB                      rep stosw
     8                                  
     9 00000010 B80008                    mov ax,0x0800
    10 00000013 8EC0                      mov es,ax
    11 00000015 B9201C                    mov cx,14400/2
    12 00000018 B85555                    mov ax,0x5555
    13 0000001B F3AB                      rep stosw
    14                                  
    15                                  draw:
    16 0000001D E610                      out 10h,al
    17 0000001F FEC0                      inc al
    18 00000021 2407                      and al,7
    19 00000023 B91027                    mov cx,10000
    20 00000026 E2FE                      .1: loop .1
    21 00000028 EBF3                      jmp draw
    22                                  
    23                                  %assign num $-$$
    24                                  %warning total num
    24          ******************       warning: total 42 [-w+user]
    25 0000002A 00<rep 2CFD6h>          times (180*1024)-num db 0
    26                                  
    27                                  
    28                                  
